<?xml version="1.0" encoding="UTF-8"?>
<testsuite xmlns:xsi="http://www.w3.org/2001/XMLSchema-instance" xsi:noNamespaceSchemaLocation="https://maven.apache.org/surefire/maven-surefire-plugin/xsd/surefire-test-report-3.0.xsd" version="3.0" name="com.MimitosShop.API.ApiApplicationTests" time="8.985" tests="1" errors="0" skipped="0" failures="0">
  <properties>
[...]
</properties>
  <testcase name="contextLoads" classname="com.MimitosShop.API.ApiApplicationTests" time="0.515">
    <system-out><![CDATA[15:58:49.659 [main] INFO org.springframework.test.context.support.AnnotationConfigContextLoaderUtils -- Could not detect default configuration classes for test class [com.MimitosShop.API.ApiApplicationTests]: ApiApplicationTests does not declare any static, non-private, non-final, nested classes annotated with @Configuration.
15:58:49.758 [main] INFO org.springframework.boot.test.context.SpringBootTestContextBootstrapper -- Found @SpringBootConfiguration com.MimitosShop.API.ApiApplication for test class com.MimitosShop.API.ApiApplicationTests

  .   ____          _            __ _ _
 /\\ / ___'_ __ _ _(_)_ __  __ _ \ \ \ \
( ( )\___ | '_ | '_| | '_ \/ _` | \ \ \ \
 \\/  ___)| |_)| | | | | || (_| |  ) ) ) )
  '  |____| .__|_| |_|_| |_\__, | / / / /
 =========|_|==============|___/=/_/_/_/
 :: Spring Boot ::                (v3.2.3)

2024-07-27T15:58:50.168-06:00  INFO 6180 --- [           main] c.MimitosShop.API.ApiApplicationTests    : Starting ApiApplicationTests using Java 21.0.3 with PID 6180 (started by howit in C:\Users\howit\Desktop\API_Mimitos-master\API)
2024-07-27T15:58:50.169-06:00  INFO 6180 --- [           main] c.MimitosShop.API.ApiApplicationTests    : No active profile set, falling back to 1 default profile: "default"
2024-07-27T15:58:50.169-06:00 DEBUG 6180 --- [           main] o.s.boot.SpringApplication               : Loading source class com.MimitosShop.API.ApiApplication
2024-07-27T15:58:50.200-06:00 DEBUG 6180 --- [           main] o.s.w.c.s.GenericWebApplicationContext   : Refreshing org.springframework.web.context.support.GenericWebApplicationContext@6ab72419
2024-07-27T15:58:50.220-06:00 DEBUG 6180 --- [           main] o.s.b.f.s.DefaultListableBeanFactory     : Creating shared instance of singleton bean 'org.springframework.context.annotation.internalConfigurationAnnotationProcessor'
2024-07-27T15:58:50.232-06:00 DEBUG 6180 --- [           main] o.s.b.f.s.DefaultListableBeanFactory     : Creating shared instance of singleton bean 'org.springframework.boot.autoconfigure.internalCachingMetadataReaderFactory'
2024-07-27T15:58:50.277-06:00 DEBUG 6180 --- [           main] o.s.c.a.ClassPathBeanDefinitionScanner   : Identified candidate component class: file [C:\Users\howit\Desktop\API_Mimitos-master\API\target\classes\com\MimitosShop\API\Controller\AdminController.class]
2024-07-27T15:58:50.278-06:00 DEBUG 6180 --- [           main] o.s.c.a.ClassPathBeanDefinitionScanner   : Identified candidate component class: file [C:\Users\howit\Desktop\API_Mimitos-master\API\target\classes\com\MimitosShop\API\Controller\CartController.class]
2024-07-27T15:58:50.279-06:00 DEBUG 6180 --- [           main] o.s.c.a.ClassPathBeanDefinitionScanner   : Identified candidate component class: file [C:\Users\howit\Desktop\API_Mimitos-master\API\target\classes\com\MimitosShop\API\Controller\CartItemController.class]
2024-07-27T15:58:50.279-06:00 DEBUG 6180 --- [           main] o.s.c.a.ClassPathBeanDefinitionScanner   : Identified candidate component class: file [C:\Users\howit\Desktop\API_Mimitos-master\API\target\classes\com\MimitosShop\API\Controller\CategoryController.class]
2024-07-27T15:58:50.283-06:00 DEBUG 6180 --- [           main] o.s.c.a.ClassPathBeanDefinitionScanner   : Identified candidate component class: file [C:\Users\howit\Desktop\API_Mimitos-master\API\target\classes\com\MimitosShop\API\Controller\CorsConfig.class]
2024-07-27T15:58:50.283-06:00 DEBUG 6180 --- [           main] o.s.c.a.ClassPathBeanDefinitionScanner   : Identified candidate component class: file [C:\Users\howit\Desktop\API_Mimitos-master\API\target\classes\com\MimitosShop\API\Controller\GalleryController.class]
2024-07-27T15:58:50.284-06:00 DEBUG 6180 --- [           main] o.s.c.a.ClassPathBeanDefinitionScanner   : Identified candidate component class: file [C:\Users\howit\Desktop\API_Mimitos-master\API\target\classes\com\MimitosShop\API\Controller\ProductController.class]
2024-07-27T15:58:50.285-06:00 DEBUG 6180 --- [           main] o.s.c.a.ClassPathBeanDefinitionScanner   : Identified candidate component class: file [C:\Users\howit\Desktop\API_Mimitos-master\API\target\classes\com\MimitosShop\API\Controller\UserController.class]
2024-07-27T15:58:50.294-06:00 DEBUG 6180 --- [           main] o.s.c.a.ClassPathBeanDefinitionScanner   : Ignored because not a concrete top-level class: file [C:\Users\howit\Desktop\API_Mimitos-master\API\target\classes\com\MimitosShop\API\Repository\CartRepository.class]
2024-07-27T15:58:50.294-06:00 DEBUG 6180 --- [           main] o.s.c.a.ClassPathBeanDefinitionScanner   : Ignored because not a concrete top-level class: file [C:\Users\howit\Desktop\API_Mimitos-master\API\target\classes\com\MimitosShop\API\Repository\GalleryRepository.class]
2024-07-27T15:58:50.297-06:00 DEBUG 6180 --- [           main] o.s.c.a.ClassPathBeanDefinitionScanner   : Identified candidate component class: file [C:\Users\howit\Desktop\API_Mimitos-master\API\target\classes\com\MimitosShop\API\Service\AdminService.class]
2024-07-27T15:58:50.298-06:00 DEBUG 6180 --- [           main] o.s.c.a.ClassPathBeanDefinitionScanner   : Identified candidate component class: file [C:\Users\howit\Desktop\API_Mimitos-master\API\target\classes\com\MimitosShop\API\Service\CartItemService.class]
2024-07-27T15:58:50.300-06:00 DEBUG 6180 --- [           main] o.s.c.a.ClassPathBeanDefinitionScanner   : Identified candidate component class: file [C:\Users\howit\Desktop\API_Mimitos-master\API\target\classes\com\MimitosShop\API\Service\CartService.class]
2024-07-27T15:58:50.301-06:00 DEBUG 6180 --- [           main] o.s.c.a.ClassPathBeanDefinitionScanner   : Identified candidate component class: file [C:\Users\howit\Desktop\API_Mimitos-master\API\target\classes\com\MimitosShop\API\Service\CategoryService.class]
2024-07-27T15:58:50.302-06:00 DEBUG 6180 --- [           main] o.s.c.a.ClassPathBeanDefinitionScanner   : Identified candidate component class: file [C:\Users\howit\Desktop\API_Mimitos-master\API\target\classes\com\MimitosShop\API\Service\GalleryService.class]
2024-07-27T15:58:50.303-06:00 DEBUG 6180 --- [           main] o.s.c.a.ClassPathBeanDefinitionScanner   : Identified candidate component class: file [C:\Users\howit\Desktop\API_Mimitos-master\API\target\classes\com\MimitosShop\API\Service\ProductService.class]
2024-07-27T15:58:50.303-06:00 DEBUG 6180 --- [           main] o.s.c.a.ClassPathBeanDefinitionScanner   : Identified candidate component class: file [C:\Users\howit\Desktop\API_Mimitos-master\API\target\classes\com\MimitosShop\API\Service\UserService.class]
2024-07-27T15:58:50.798-06:00  INFO 6180 --- [           main] .s.d.r.c.RepositoryConfigurationDelegate : Bootstrapping Spring Data JPA repositories in DEFAULT mode.
2024-07-27T15:58:50.806-06:00 DEBUG 6180 --- [           main] o.s.b.f.s.DefaultListableBeanFactory     : Creating shared instance of singleton bean 'org.springframework.boot.autoconfigure.AutoConfigurationPackages'
2024-07-27T15:58:50.816-06:00 DEBUG 6180 --- [           main] o.s.b.a.AutoConfigurationPackages        : @EnableAutoConfiguration was declared on a class in the package 'com.MimitosShop.API'. Automatic @Repository and @Entity scanning is enabled.
2024-07-27T15:58:50.818-06:00 DEBUG 6180 --- [           main] .s.d.r.c.RepositoryConfigurationDelegate : Scanning for JPA repositories in packages com.MimitosShop.API.
2024-07-27T15:58:50.833-06:00 DEBUG 6180 --- [           main] o.s.d.r.c.RepositoryComponentProvider    : Identified candidate component class: file [C:\Users\howit\Desktop\API_Mimitos-master\API\target\classes\com\MimitosShop\API\Repository\AdminRepository.class]
2024-07-27T15:58:50.833-06:00 DEBUG 6180 --- [           main] o.s.d.r.c.RepositoryComponentProvider    : Identified candidate component class: file [C:\Users\howit\Desktop\API_Mimitos-master\API\target\classes\com\MimitosShop\API\Repository\CartItemRepository.class]
2024-07-27T15:58:50.833-06:00 DEBUG 6180 --- [           main] o.s.d.r.c.RepositoryComponentProvider    : Identified candidate component class: file [C:\Users\howit\Desktop\API_Mimitos-master\API\target\classes\com\MimitosShop\API\Repository\CartRepository.class]
2024-07-27T15:58:50.833-06:00 DEBUG 6180 --- [           main] o.s.d.r.c.RepositoryComponentProvider    : Identified candidate component class: file [C:\Users\howit\Desktop\API_Mimitos-master\API\target\classes\com\MimitosShop\API\Repository\CategoryRepository.class]
2024-07-27T15:58:50.833-06:00 DEBUG 6180 --- [           main] o.s.d.r.c.RepositoryComponentProvider    : Identified candidate component class: file [C:\Users\howit\Desktop\API_Mimitos-master\API\target\classes\com\MimitosShop\API\Repository\GalleryRepository.class]
2024-07-27T15:58:50.833-06:00 DEBUG 6180 --- [           main] o.s.d.r.c.RepositoryComponentProvider    : Identified candidate component class: file [C:\Users\howit\Desktop\API_Mimitos-master\API\target\classes\com\MimitosShop\API\Repository\OrderItemRepository.class]
2024-07-27T15:58:50.834-06:00 DEBUG 6180 --- [           main] o.s.d.r.c.RepositoryComponentProvider    : Identified candidate component class: file [C:\Users\howit\Desktop\API_Mimitos-master\API\target\classes\com\MimitosShop\API\Repository\OrderRepository.class]
2024-07-27T15:58:50.834-06:00 DEBUG 6180 --- [           main] o.s.d.r.c.RepositoryComponentProvider    : Identified candidate component class: file [C:\Users\howit\Desktop\API_Mimitos-master\API\target\classes\com\MimitosShop\API\Repository\ProductRepository.class]
2024-07-27T15:58:50.834-06:00 DEBUG 6180 --- [           main] o.s.d.r.c.RepositoryComponentProvider    : Identified candidate component class: file [C:\Users\howit\Desktop\API_Mimitos-master\API\target\classes\com\MimitosShop\API\Repository\UserRepository.class]
2024-07-27T15:58:50.894-06:00  INFO 6180 --- [           main] .s.d.r.c.RepositoryConfigurationDelegate : Finished Spring Data repository scanning in 74 ms. Found 9 JPA repository interfaces.
2024-07-27T15:58:51.077-06:00 DEBUG 6180 --- [           main] o.s.b.f.s.DefaultListableBeanFactory     : Creating shared instance of singleton bean 'propertySourcesPlaceholderConfigurer'
2024-07-27T15:58:51.080-06:00 DEBUG 6180 --- [           main] o.s.b.f.s.DefaultListableBeanFactory     : Creating shared instance of singleton bean 'org.springframework.boot.test.mock.mockito.MockitoPostProcessor'
2024-07-27T15:58:51.082-06:00 DEBUG 6180 --- [           main] o.s.b.f.s.DefaultListableBeanFactory     : Creating shared instance of singleton bean 'emBeanDefinitionRegistrarPostProcessor'
2024-07-27T15:58:51.082-06:00 DEBUG 6180 --- [           main] o.s.b.f.s.DefaultListableBeanFactory     : Creating shared instance of singleton bean 'org.springframework.boot.sql.init.dependency.DatabaseInitializationDependencyConfigurer$DependsOnDatabaseInitializationPostProcessor'
2024-07-27T15:58:51.123-06:00 DEBUG 6180 --- [           main] o.s.b.f.s.DefaultListableBeanFactory     : Creating shared instance of singleton bean 'org.springframework.context.event.internalEventListenerProcessor'
2024-07-27T15:58:51.125-06:00 DEBUG 6180 --- [           main] o.s.b.f.s.DefaultListableBeanFactory     : Creating shared instance of singleton bean 'preserveErrorControllerTargetClassPostProcessor'
2024-07-27T15:58:51.126-06:00 DEBUG 6180 --- [           main] o.s.b.f.s.DefaultListableBeanFactory     : Creating shared instance of singleton bean 'org.springframework.context.event.internalEventListenerFactory'
2024-07-27T15:58:51.126-06:00 DEBUG 6180 --- [           main] o.s.b.f.s.DefaultListableBeanFactory     : Creating shared instance of singleton bean 'org.springframework.transaction.config.internalTransactionalEventListenerFactory'
2024-07-27T15:58:51.128-06:00 DEBUG 6180 --- [           main] o.s.b.f.s.DefaultListableBeanFactory     : Creating shared instance of singleton bean 'org.springframework.boot.test.mock.mockito.MockitoPostProcessor$SpyPostProcessor'
2024-07-27T15:58:51.130-06:00 DEBUG 6180 --- [           main] o.s.b.f.s.DefaultListableBeanFactory     : Creating shared instance of singleton bean 'org.springframework.context.annotation.internalAutowiredAnnotationProcessor'
2024-07-27T15:58:51.132-06:00 DEBUG 6180 --- [           main] o.s.b.f.s.DefaultListableBeanFactory     : Creating shared instance of singleton bean 'org.springframework.context.annotation.internalCommonAnnotationProcessor'
2024-07-27T15:58:51.135-06:00 DEBUG 6180 --- [           main] o.s.b.f.s.DefaultListableBeanFactory     : Creating shared instance of singleton bean 'org.springframework.context.annotation.internalPersistenceAnnotationProcessor'
2024-07-27T15:58:51.137-06:00 DEBUG 6180 --- [           main] o.s.b.f.s.DefaultListableBeanFactory     : Creating shared instance of singleton bean 'org.springframework.boot.context.properties.ConfigurationPropertiesBindingPostProcessor'
2024-07-27T15:58:51.137-06:00 DEBUG 6180 --- [           main] o.s.b.f.s.DefaultListableBeanFactory     : Creating shared instance of singleton bean 'org.springframework.boot.context.internalConfigurationPropertiesBinder'
2024-07-27T15:58:51.139-06:00 DEBUG 6180 --- [           main] o.s.b.f.s.DefaultListableBeanFactory     : Creating shared instance of singleton bean 'jdbcConnectionDetailsHikariBeanPostProcessor'
2024-07-27T15:58:51.142-06:00 DEBUG 6180 --- [           main] o.s.b.f.s.DefaultListableBeanFactory     : Creating shared instance of singleton bean 'org.springframework.aop.config.internalAutoProxyCreator'
2024-07-27T15:58:51.166-06:00 DEBUG 6180 --- [           main] o.s.b.f.s.DefaultListableBeanFactory     : Creating shared instance of singleton bean 'persistenceExceptionTranslationPostProcessor'
2024-07-27T15:58:51.182-06:00 DEBUG 6180 --- [           main] o.s.b.f.s.DefaultListableBeanFactory     : Autowiring by type from bean name 'persistenceExceptionTranslationPostProcessor' via factory method to bean named 'environment'
2024-07-27T15:58:51.186-06:00 DEBUG 6180 --- [           main] o.s.b.f.s.DefaultListableBeanFactory     : Creating shared instance of singleton bean 'webServerFactoryCustomizerBeanPostProcessor'
2024-07-27T15:58:51.187-06:00 DEBUG 6180 --- [           main] o.s.b.f.s.DefaultListableBeanFactory     : Creating shared instance of singleton bean 'errorPageRegistrarBeanPostProcessor'
2024-07-27T15:58:51.187-06:00 DEBUG 6180 --- [           main] o.s.b.f.s.DefaultListableBeanFactory     : Creating shared instance of singleton bean 'projectingArgumentResolverBeanPostProcessor'
2024-07-27T15:58:51.188-06:00 DEBUG 6180 --- [           main] o.s.b.f.s.DefaultListableBeanFactory     : Creating shared instance of singleton bean 'org.springframework.transaction.config.internalTransactionAdvisor'
2024-07-27T15:58:51.188-06:00 DEBUG 6180 --- [           main] o.s.b.f.s.DefaultListableBeanFactory     : Creating shared instance of singleton bean 'org.springframework.transaction.annotation.ProxyTransactionManagementConfiguration'
2024-07-27T15:58:51.196-06:00 DEBUG 6180 --- [           main] o.s.b.f.s.DefaultListableBeanFactory     : Creating shared instance of singleton bean 'transactionAttributeSource'
2024-07-27T15:58:51.197-06:00 DEBUG 6180 --- [           main] o.s.b.f.s.DefaultListableBeanFactory     : Creating shared instance of singleton bean 'transactionInterceptor'
2024-07-27T15:58:51.198-06:00 DEBUG 6180 --- [           main] o.s.b.f.s.DefaultListableBeanFactory     : Autowiring by type from bean name 'transactionInterceptor' via factory method to bean named 'transactionAttributeSource'
2024-07-27T15:58:51.205-06:00 DEBUG 6180 --- [           main] o.s.b.f.s.DefaultListableBeanFactory     : Autowiring by type from bean name 'org.springframework.transaction.config.internalTransactionAdvisor' via factory method to bean named 'transactionAttributeSource'
2024-07-27T15:58:51.205-06:00 DEBUG 6180 --- [           main] o.s.b.f.s.DefaultListableBeanFactory     : Autowiring by type from bean name 'org.springframework.transaction.config.internalTransactionAdvisor' via factory method to bean named 'transactionInterceptor'
2024-07-27T15:58:51.229-06:00 DEBUG 6180 --- [           main] o.s.u.c.s.UiApplicationContextUtils      : Unable to locate ThemeSource with name 'themeSource': using default [org.springframework.ui.context.support.ResourceBundleThemeSource@756aadfc]
2024-07-27T15:58:51.233-06:00 DEBUG 6180 --- [           main] o.s.b.f.s.DefaultListableBeanFactory     : Creating shared instance of singleton bean 'dataSourceScriptDatabaseInitializer'
2024-07-27T15:58:51.233-06:00 DEBUG 6180 --- [           main] o.s.b.f.s.DefaultListableBeanFactory     : Creating shared instance of singleton bean 'org.springframework.boot.autoconfigure.sql.init.DataSourceInitializationConfiguration'
2024-07-27T15:58:51.235-06:00 DEBUG 6180 --- [           main] o.s.b.f.s.DefaultListableBeanFactory     : Creating shared instance of singleton bean 'dataSource'
2024-07-27T15:58:51.235-06:00 DEBUG 6180 --- [           main] o.s.b.f.s.DefaultListableBeanFactory     : Creating shared instance of singleton bean 'org.springframework.boot.autoconfigure.jdbc.DataSourceConfiguration$Hikari'
2024-07-27T15:58:51.236-06:00 DEBUG 6180 --- [           main] o.s.b.f.s.DefaultListableBeanFactory     : Creating shared instance of singleton bean 'spring.datasource-org.springframework.boot.autoconfigure.jdbc.DataSourceProperties'
2024-07-27T15:58:51.238-06:00 DEBUG 6180 --- [           main] o.s.b.f.s.DefaultListableBeanFactory     : Creating shared instance of singleton bean 'org.springframework.boot.context.properties.BoundConfigurationProperties'
2024-07-27T15:58:51.261-06:00 DEBUG 6180 --- [           main] o.s.b.f.s.DefaultListableBeanFactory     : Creating shared instance of singleton bean 'jdbcConnectionDetails'
2024-07-27T15:58:51.261-06:00 DEBUG 6180 --- [           main] o.s.b.f.s.DefaultListableBeanFactory     : Creating shared instance of singleton bean 'org.springframework.boot.autoconfigure.jdbc.DataSourceAutoConfiguration$PooledDataSourceConfiguration'
2024-07-27T15:58:51.262-06:00 DEBUG 6180 --- [           main] o.s.b.f.s.DefaultListableBeanFactory     : Autowiring by type from bean name 'jdbcConnectionDetails' via factory method to bean named 'spring.datasource-org.springframework.boot.autoconfigure.jdbc.DataSourceProperties'
2024-07-27T15:58:51.263-06:00 DEBUG 6180 --- [           main] o.s.b.f.s.DefaultListableBeanFactory     : Autowiring by type from bean name 'dataSource' via factory method to bean named 'spring.datasource-org.springframework.boot.autoconfigure.jdbc.DataSourceProperties'
2024-07-27T15:58:51.263-06:00 DEBUG 6180 --- [           main] o.s.b.f.s.DefaultListableBeanFactory     : Autowiring by type from bean name 'dataSource' via factory method to bean named 'jdbcConnectionDetails'
2024-07-27T15:58:51.296-06:00 DEBUG 6180 --- [           main] o.s.b.f.s.DefaultListableBeanFactory     : Creating shared instance of singleton bean 'spring.sql.init-org.springframework.boot.autoconfigure.sql.init.SqlInitializationProperties'
2024-07-27T15:58:51.298-06:00 DEBUG 6180 --- [           main] o.s.b.f.s.DefaultListableBeanFactory     : Autowiring by type from bean name 'dataSourceScriptDatabaseInitializer' via factory method to bean named 'dataSource'
2024-07-27T15:58:51.298-06:00 DEBUG 6180 --- [           main] o.s.b.f.s.DefaultListableBeanFactory     : Autowiring by type from bean name 'dataSourceScriptDatabaseInitializer' via factory method to bean named 'spring.sql.init-org.springframework.boot.autoconfigure.sql.init.SqlInitializationProperties'
2024-07-27T15:58:51.305-06:00 DEBUG 6180 --- [           main] o.s.b.f.s.DefaultListableBeanFactory     : Creating shared instance of singleton bean 'entityManagerFactory'
2024-07-27T15:58:51.305-06:00 DEBUG 6180 --- [           main] o.s.b.f.s.DefaultListableBeanFactory     : Creating shared instance of singleton bean 'org.springframework.boot.autoconfigure.orm.jpa.HibernateJpaConfiguration'
2024-07-27T15:58:51.306-06:00 DEBUG 6180 --- [           main] o.s.b.f.s.DefaultListableBeanFactory     : Creating shared instance of singleton bean 'spring.jpa-org.springframework.boot.autoconfigure.orm.jpa.JpaProperties'
2024-07-27T15:58:51.310-06:00 DEBUG 6180 --- [           main] o.s.b.f.s.DefaultListableBeanFactory     : Creating shared instance of singleton bean 'spring.jpa.hibernate-org.springframework.boot.autoconfigure.orm.jpa.HibernateProperties'
2024-07-27T15:58:51.313-06:00 DEBUG 6180 --- [           main] o.s.b.f.s.DefaultListableBeanFactory     : Autowiring by type from bean name 'org.springframework.boot.autoconfigure.orm.jpa.HibernateJpaConfiguration' via constructor to bean named 'dataSource'
2024-07-27T15:58:51.313-06:00 DEBUG 6180 --- [           main] o.s.b.f.s.DefaultListableBeanFactory     : Autowiring by type from bean name 'org.springframework.boot.autoconfigure.orm.jpa.HibernateJpaConfiguration' via constructor to bean named 'spring.jpa-org.springframework.boot.autoconfigure.orm.jpa.JpaProperties'
2024-07-27T15:58:51.313-06:00 DEBUG 6180 --- [           main] o.s.b.f.s.DefaultListableBeanFactory     : Autowiring by type from bean name 'org.springframework.boot.autoconfigure.orm.jpa.HibernateJpaConfiguration' via constructor to bean named 'org.springframework.beans.factory.support.DefaultListableBeanFactory@1500e009'
2024-07-27T15:58:51.313-06:00 DEBUG 6180 --- [           main] o.s.b.f.s.DefaultListableBeanFactory     : Autowiring by type from bean name 'org.springframework.boot.autoconfigure.orm.jpa.HibernateJpaConfiguration' via constructor to bean named 'spring.jpa.hibernate-org.springframework.boot.autoconfigure.orm.jpa.HibernateProperties'
2024-07-27T15:58:51.316-06:00 DEBUG 6180 --- [           main] o.s.b.f.s.DefaultListableBeanFactory     : Creating shared instance of singleton bean 'hikariPoolDataSourceMetadataProvider'
2024-07-27T15:58:51.316-06:00 DEBUG 6180 --- [           main] o.s.b.f.s.DefaultListableBeanFactory     : Creating shared instance of singleton bean 'org.springframework.boot.autoconfigure.jdbc.metadata.DataSourcePoolMetadataProvidersConfiguration$HikariPoolDataSourceMetadataProviderConfiguration'
2024-07-27T15:58:51.322-06:00 DEBUG 6180 --- [           main] o.s.b.f.s.DefaultListableBeanFactory     : Creating shared instance of singleton bean 'entityManagerFactoryBuilder'
2024-07-27T15:58:51.323-06:00 DEBUG 6180 --- [           main] o.s.b.f.s.DefaultListableBeanFactory     : Creating shared instance of singleton bean 'jpaVendorAdapter'
2024-07-27T15:58:51.343-06:00 DEBUG 6180 --- [           main] o.s.b.f.s.DefaultListableBeanFactory     : Autowiring by type from bean name 'entityManagerFactoryBuilder' via factory method to bean named 'jpaVendorAdapter'
2024-07-27T15:58:51.347-06:00 DEBUG 6180 --- [           main] o.s.b.f.s.DefaultListableBeanFactory     : Creating shared instance of singleton bean 'persistenceManagedTypes'
2024-07-27T15:58:51.347-06:00 DEBUG 6180 --- [           main] o.s.b.f.s.DefaultListableBeanFactory     : Autowiring by type from bean name 'persistenceManagedTypes' via factory method to bean named 'org.springframework.beans.factory.support.DefaultListableBeanFactory@1500e009'
2024-07-27T15:58:51.347-06:00 DEBUG 6180 --- [           main] o.s.b.f.s.DefaultListableBeanFactory     : Autowiring by type from bean name 'persistenceManagedTypes' via factory method to bean named 'org.springframework.web.context.support.GenericWebApplicationContext@6ab72419'
2024-07-27T15:58:51.357-06:00 DEBUG 6180 --- [           main] o.s.b.f.s.DefaultListableBeanFactory     : Autowiring by type from bean name 'entityManagerFactory' via factory method to bean named 'entityManagerFactoryBuilder'
2024-07-27T15:58:51.357-06:00 DEBUG 6180 --- [           main] o.s.b.f.s.DefaultListableBeanFactory     : Autowiring by type from bean name 'entityManagerFactory' via factory method to bean named 'persistenceManagedTypes'
2024-07-27T15:58:51.374-06:00 DEBUG 6180 --- [           main] j.LocalContainerEntityManagerFactoryBean : Building JPA container EntityManagerFactory for persistence unit 'default'
2024-07-27T15:58:51.398-06:00 DEBUG 6180 --- [           main] o.hibernate.jpa.internal.util.LogHelper  : PersistenceUnitInfo [
	name: default
	persistence provider classname: null
	classloader: jdk.internal.loader.ClassLoaders$AppClassLoader@70dea4e
	excludeUnlistedClasses: true
	JTA datasource: null
	Non JTA datasource: HikariDataSource (null)
	Transaction type: RESOURCE_LOCAL
	PU root URL: file:/C:/Users/howit/Desktop/API_Mimitos-master/API/target/test-classes/
	Shared Cache Mode: UNSPECIFIED
	Validation Mode: AUTO
	Jar files URLs []
	Managed classes names [
		com.MimitosShop.API.Model.Admin
		com.MimitosShop.API.Model.Cart
		com.MimitosShop.API.Model.CartItem
		com.MimitosShop.API.Model.Category
		com.MimitosShop.API.Model.Gallery
		com.MimitosShop.API.Model.Order
		com.MimitosShop.API.Model.OrderItem
		com.MimitosShop.API.Model.Product
		com.MimitosShop.API.Model.User]
	Mapping files names []
	Properties []
2024-07-27T15:58:51.413-06:00 DEBUG 6180 --- [           main] o.h.i.internal.IntegratorServiceImpl     : Adding Integrator [org.hibernate.boot.beanvalidation.BeanValidationIntegrator].
2024-07-27T15:58:51.415-06:00 DEBUG 6180 --- [           main] o.h.i.internal.IntegratorServiceImpl     : Adding Integrator [org.hibernate.cache.internal.CollectionCacheInvalidator].
2024-07-27T15:58:51.472-06:00  INFO 6180 --- [           main] org.hibernate.Version                    : HHH000412: Hibernate ORM core version 6.4.4.Final
2024-07-27T15:58:51.474-06:00 DEBUG 6180 --- [           main] org.hibernate.cfg.Environment            : HHH000206: 'hibernate.properties' not found
2024-07-27T15:58:51.496-06:00 DEBUG 6180 --- [           main] org.hibernate.orm.idgen.factory          : Registering IdentifierGenerator strategy [uuid2] -> [org.hibernate.id.UUIDGenerator]
2024-07-27T15:58:51.497-06:00 DEBUG 6180 --- [           main] org.hibernate.orm.idgen.factory          : Registering IdentifierGenerator strategy [guid] -> [org.hibernate.id.GUIDGenerator]
2024-07-27T15:58:51.498-06:00 DEBUG 6180 --- [           main] org.hibernate.orm.idgen.factory          : Registering IdentifierGenerator strategy [uuid] -> [org.hibernate.id.UUIDHexGenerator]
2024-07-27T15:58:51.498-06:00 DEBUG 6180 --- [           main] org.hibernate.orm.idgen.factory          : Registering IdentifierGenerator strategy [uuid.hex] -> [org.hibernate.id.UUIDHexGenerator]
2024-07-27T15:58:51.498-06:00 DEBUG 6180 --- [           main] org.hibernate.orm.idgen.factory          : Registering IdentifierGenerator strategy [assigned] -> [org.hibernate.id.Assigned]
2024-07-27T15:58:51.499-06:00 DEBUG 6180 --- [           main] org.hibernate.orm.idgen.factory          : Registering IdentifierGenerator strategy [identity] -> [org.hibernate.id.IdentityGenerator]
2024-07-27T15:58:51.499-06:00 DEBUG 6180 --- [           main] org.hibernate.orm.idgen.factory          : Registering IdentifierGenerator strategy [select] -> [org.hibernate.id.SelectGenerator]
2024-07-27T15:58:51.500-06:00 DEBUG 6180 --- [           main] org.hibernate.orm.idgen.factory          : Registering IdentifierGenerator strategy [sequence] -> [org.hibernate.id.enhanced.SequenceStyleGenerator]
2024-07-27T15:58:51.501-06:00 DEBUG 6180 --- [           main] org.hibernate.orm.idgen.factory          : Registering IdentifierGenerator strategy [increment] -> [org.hibernate.id.IncrementGenerator]
2024-07-27T15:58:51.501-06:00 DEBUG 6180 --- [           main] org.hibernate.orm.idgen.factory          : Registering IdentifierGenerator strategy [foreign] -> [org.hibernate.id.ForeignGenerator]
2024-07-27T15:58:51.501-06:00 DEBUG 6180 --- [           main] org.hibernate.orm.idgen.factory          : Registering IdentifierGenerator strategy [enhanced-sequence] -> [org.hibernate.id.enhanced.SequenceStyleGenerator]
2024-07-27T15:58:51.502-06:00 DEBUG 6180 --- [           main] org.hibernate.orm.idgen.factory          : Registering IdentifierGenerator strategy [enhanced-table] -> [org.hibernate.id.enhanced.TableGenerator]
2024-07-27T15:58:51.509-06:00 DEBUG 6180 --- [           main] o.h.c.internal.RegionFactoryInitiator    : Cannot default RegionFactory based on registered strategies as `[]` RegionFactory strategies were registered
2024-07-27T15:58:51.510-06:00  INFO 6180 --- [           main] o.h.c.internal.RegionFactoryInitiator    : HHH000026: Second-level cache disabled
2024-07-27T15:58:51.608-06:00 DEBUG 6180 --- [           main] org.hibernate.type.BasicTypeRegistry     : Adding type registration boolean -> org.hibernate.type.BasicTypeReference@668cc9a2
2024-07-27T15:58:51.608-06:00 DEBUG 6180 --- [           main] org.hibernate.type.BasicTypeRegistry     : Adding type registration boolean -> org.hibernate.type.BasicTypeReference@668cc9a2
2024-07-27T15:58:51.608-06:00 DEBUG 6180 --- [           main] org.hibernate.type.BasicTypeRegistry     : Adding type registration java.lang.Boolean -> org.hibernate.type.BasicTypeReference@668cc9a2
2024-07-27T15:58:51.608-06:00 DEBUG 6180 --- [           main] org.hibernate.type.BasicTypeRegistry     : Adding type registration numeric_boolean -> org.hibernate.type.BasicTypeReference@5aa62ee7
2024-07-27T15:58:51.608-06:00 DEBUG 6180 --- [           main] org.hibernate.type.BasicTypeRegistry     : Adding type registration org.hibernate.type.NumericBooleanConverter -> org.hibernate.type.BasicTypeReference@5aa62ee7
2024-07-27T15:58:51.608-06:00 DEBUG 6180 --- [           main] org.hibernate.type.BasicTypeRegistry     : Adding type registration true_false -> org.hibernate.type.BasicTypeReference@1f7cec93
2024-07-27T15:58:51.608-06:00 DEBUG 6180 --- [           main] org.hibernate.type.BasicTypeRegistry     : Adding type registration org.hibernate.type.TrueFalseConverter -> org.hibernate.type.BasicTypeReference@1f7cec93
2024-07-27T15:58:51.608-06:00 DEBUG 6180 --- [           main] org.hibernate.type.BasicTypeRegistry     : Adding type registration yes_no -> org.hibernate.type.BasicTypeReference@3c9ef6e9
2024-07-27T15:58:51.609-06:00 DEBUG 6180 --- [           main] org.hibernate.type.BasicTypeRegistry     : Adding type registration org.hibernate.type.YesNoConverter -> org.hibernate.type.BasicTypeReference@3c9ef6e9
2024-07-27T15:58:51.609-06:00 DEBUG 6180 --- [           main] org.hibernate.type.BasicTypeRegistry     : Adding type registration byte -> org.hibernate.type.BasicTypeReference@3cdff901
2024-07-27T15:58:51.609-06:00 DEBUG 6180 --- [           main] org.hibernate.type.BasicTypeRegistry     : Adding type registration byte -> org.hibernate.type.BasicTypeReference@3cdff901
2024-07-27T15:58:51.609-06:00 DEBUG 6180 --- [           main] org.hibernate.type.BasicTypeRegistry     : Adding type registration java.lang.Byte -> org.hibernate.type.BasicTypeReference@3cdff901
2024-07-27T15:58:51.609-06:00 DEBUG 6180 --- [           main] org.hibernate.type.BasicTypeRegistry     : Adding type registration binary -> org.hibernate.type.BasicTypeReference@57e5396b
2024-07-27T15:58:51.609-06:00 DEBUG 6180 --- [           main] org.hibernate.type.BasicTypeRegistry     : Adding type registration byte[] -> org.hibernate.type.BasicTypeReference@57e5396b
2024-07-27T15:58:51.609-06:00 DEBUG 6180 --- [           main] org.hibernate.type.BasicTypeRegistry     : Adding type registration [B -> org.hibernate.type.BasicTypeReference@57e5396b
2024-07-27T15:58:51.609-06:00 DEBUG 6180 --- [           main] org.hibernate.type.BasicTypeRegistry     : Adding type registration binary_wrapper -> org.hibernate.type.BasicTypeReference@2f054f70
2024-07-27T15:58:51.609-06:00 DEBUG 6180 --- [           main] org.hibernate.type.BasicTypeRegistry     : Adding type registration wrapper-binary -> org.hibernate.type.BasicTypeReference@2f054f70
2024-07-27T15:58:51.609-06:00 DEBUG 6180 --- [           main] org.hibernate.type.BasicTypeRegistry     : Adding type registration image -> org.hibernate.type.BasicTypeReference@6467ddc7
2024-07-27T15:58:51.609-06:00 DEBUG 6180 --- [           main] org.hibernate.type.BasicTypeRegistry     : Adding type registration blob -> org.hibernate.type.BasicTypeReference@27b337bb
2024-07-27T15:58:51.609-06:00 DEBUG 6180 --- [           main] org.hibernate.type.BasicTypeRegistry     : Adding type registration java.sql.Blob -> org.hibernate.type.BasicTypeReference@27b337bb
2024-07-27T15:58:51.609-06:00 DEBUG 6180 --- [           main] org.hibernate.type.BasicTypeRegistry     : Adding type registration materialized_blob -> org.hibernate.type.BasicTypeReference@59636c47
2024-07-27T15:58:51.609-06:00 DEBUG 6180 --- [           main] org.hibernate.type.BasicTypeRegistry     : Adding type registration materialized_blob_wrapper -> org.hibernate.type.BasicTypeReference@5c18d6d4
2024-07-27T15:58:51.609-06:00 DEBUG 6180 --- [           main] org.hibernate.type.BasicTypeRegistry     : Adding type registration short -> org.hibernate.type.BasicTypeReference@6cbb175
2024-07-27T15:58:51.609-06:00 DEBUG 6180 --- [           main] org.hibernate.type.BasicTypeRegistry     : Adding type registration short -> org.hibernate.type.BasicTypeReference@6cbb175
2024-07-27T15:58:51.610-06:00 DEBUG 6180 --- [           main] org.hibernate.type.BasicTypeRegistry     : Adding type registration java.lang.Short -> org.hibernate.type.BasicTypeReference@6cbb175
2024-07-27T15:58:51.610-06:00 DEBUG 6180 --- [           main] org.hibernate.type.BasicTypeRegistry     : Adding type registration integer -> org.hibernate.type.BasicTypeReference@38fb50f8
2024-07-27T15:58:51.610-06:00 DEBUG 6180 --- [           main] org.hibernate.type.BasicTypeRegistry     : Adding type registration int -> org.hibernate.type.BasicTypeReference@38fb50f8
2024-07-27T15:58:51.610-06:00 DEBUG 6180 --- [           main] org.hibernate.type.BasicTypeRegistry     : Adding type registration java.lang.Integer -> org.hibernate.type.BasicTypeReference@38fb50f8
2024-07-27T15:58:51.610-06:00 DEBUG 6180 --- [           main] org.hibernate.type.BasicTypeRegistry     : Adding type registration long -> org.hibernate.type.BasicTypeReference@7ab802f4
2024-07-27T15:58:51.616-06:00 DEBUG 6180 --- [           main] org.hibernate.type.BasicTypeRegistry     : Adding type registration long -> org.hibernate.type.BasicTypeReference@7ab802f4
2024-07-27T15:58:51.616-06:00 DEBUG 6180 --- [           main] org.hibernate.type.BasicTypeRegistry     : Adding type registration java.lang.Long -> org.hibernate.type.BasicTypeReference@7ab802f4
2024-07-27T15:58:51.616-06:00 DEBUG 6180 --- [           main] org.hibernate.type.BasicTypeRegistry     : Adding type registration float -> org.hibernate.type.BasicTypeReference@608cd501
2024-07-27T15:58:51.616-06:00 DEBUG 6180 --- [           main] org.hibernate.type.BasicTypeRegistry     : Adding type registration float -> org.hibernate.type.BasicTypeReference@608cd501
2024-07-27T15:58:51.617-06:00 DEBUG 6180 --- [           main] org.hibernate.type.BasicTypeRegistry     : Adding type registration java.lang.Float -> org.hibernate.type.BasicTypeReference@608cd501
2024-07-27T15:58:51.617-06:00 DEBUG 6180 --- [           main] org.hibernate.type.BasicTypeRegistry     : Adding type registration double -> org.hibernate.type.BasicTypeReference@3b97907c
2024-07-27T15:58:51.617-06:00 DEBUG 6180 --- [           main] org.hibernate.type.BasicTypeRegistry     : Adding type registration double -> org.hibernate.type.BasicTypeReference@3b97907c
2024-07-27T15:58:51.617-06:00 DEBUG 6180 --- [           main] org.hibernate.type.BasicTypeRegistry     : Adding type registration java.lang.Double -> org.hibernate.type.BasicTypeReference@3b97907c
2024-07-27T15:58:51.617-06:00 DEBUG 6180 --- [           main] org.hibernate.type.BasicTypeRegistry     : Adding type registration big_integer -> org.hibernate.type.BasicTypeReference@59096b66
2024-07-27T15:58:51.617-06:00 DEBUG 6180 --- [           main] org.hibernate.type.BasicTypeRegistry     : Adding type registration java.math.BigInteger -> org.hibernate.type.BasicTypeReference@59096b66
2024-07-27T15:58:51.617-06:00 DEBUG 6180 --- [           main] org.hibernate.type.BasicTypeRegistry     : Adding type registration big_decimal -> org.hibernate.type.BasicTypeReference@631c6d11
2024-07-27T15:58:51.617-06:00 DEBUG 6180 --- [           main] org.hibernate.type.BasicTypeRegistry     : Adding type registration java.math.BigDecimal -> org.hibernate.type.BasicTypeReference@631c6d11
2024-07-27T15:58:51.617-06:00 DEBUG 6180 --- [           main] org.hibernate.type.BasicTypeRegistry     : Adding type registration character -> org.hibernate.type.BasicTypeReference@65be88ae
2024-07-27T15:58:51.617-06:00 DEBUG 6180 --- [           main] org.hibernate.type.BasicTypeRegistry     : Adding type registration char -> org.hibernate.type.BasicTypeReference@65be88ae
2024-07-27T15:58:51.617-06:00 DEBUG 6180 --- [           main] org.hibernate.type.BasicTypeRegistry     : Adding type registration java.lang.Character -> org.hibernate.type.BasicTypeReference@65be88ae
2024-07-27T15:58:51.617-06:00 DEBUG 6180 --- [           main] org.hibernate.type.BasicTypeRegistry     : Adding type registration character_nchar -> org.hibernate.type.BasicTypeReference@62ade015
2024-07-27T15:58:51.617-06:00 DEBUG 6180 --- [           main] org.hibernate.type.BasicTypeRegistry     : Adding type registration string -> org.hibernate.type.BasicTypeReference@70ede57d
2024-07-27T15:58:51.617-06:00 DEBUG 6180 --- [           main] org.hibernate.type.BasicTypeRegistry     : Adding type registration java.lang.String -> org.hibernate.type.BasicTypeReference@70ede57d
2024-07-27T15:58:51.617-06:00 DEBUG 6180 --- [           main] org.hibernate.type.BasicTypeRegistry     : Adding type registration nstring -> org.hibernate.type.BasicTypeReference@70997a94
2024-07-27T15:58:51.617-06:00 DEBUG 6180 --- [           main] org.hibernate.type.BasicTypeRegistry     : Adding type registration characters -> org.hibernate.type.BasicTypeReference@61f377d1
2024-07-27T15:58:51.617-06:00 DEBUG 6180 --- [           main] org.hibernate.type.BasicTypeRegistry     : Adding type registration char[] -> org.hibernate.type.BasicTypeReference@61f377d1
2024-07-27T15:58:51.617-06:00 DEBUG 6180 --- [           main] org.hibernate.type.BasicTypeRegistry     : Adding type registration [C -> org.hibernate.type.BasicTypeReference@61f377d1
2024-07-27T15:58:51.617-06:00 DEBUG 6180 --- [           main] org.hibernate.type.BasicTypeRegistry     : Adding type registration wrapper-characters -> org.hibernate.type.BasicTypeReference@6c538eb2
2024-07-27T15:58:51.617-06:00 DEBUG 6180 --- [           main] org.hibernate.type.BasicTypeRegistry     : Adding type registration text -> org.hibernate.type.BasicTypeReference@738a5848
2024-07-27T15:58:51.617-06:00 DEBUG 6180 --- [           main] org.hibernate.type.BasicTypeRegistry     : Adding type registration ntext -> org.hibernate.type.BasicTypeReference@487cd177
2024-07-27T15:58:51.617-06:00 DEBUG 6180 --- [           main] org.hibernate.type.BasicTypeRegistry     : Adding type registration clob -> org.hibernate.type.BasicTypeReference@324b6a56
2024-07-27T15:58:51.617-06:00 DEBUG 6180 --- [           main] org.hibernate.type.BasicTypeRegistry     : Adding type registration java.sql.Clob -> org.hibernate.type.BasicTypeReference@324b6a56
2024-07-27T15:58:51.617-06:00 DEBUG 6180 --- [           main] org.hibernate.type.BasicTypeRegistry     : Adding type registration nclob -> org.hibernate.type.BasicTypeReference@421d54b3
2024-07-27T15:58:51.617-06:00 DEBUG 6180 --- [           main] org.hibernate.type.BasicTypeRegistry     : Adding type registration java.sql.NClob -> org.hibernate.type.BasicTypeReference@421d54b3
2024-07-27T15:58:51.617-06:00 DEBUG 6180 --- [           main] org.hibernate.type.BasicTypeRegistry     : Adding type registration materialized_clob -> org.hibernate.type.BasicTypeReference@63f40ca0
2024-07-27T15:58:51.617-06:00 DEBUG 6180 --- [           main] org.hibernate.type.BasicTypeRegistry     : Adding type registration materialized_clob_char_array -> org.hibernate.type.BasicTypeReference@4dad8ec0
2024-07-27T15:58:51.618-06:00 DEBUG 6180 --- [           main] org.hibernate.type.BasicTypeRegistry     : Adding type registration materialized_clob_character_array -> org.hibernate.type.BasicTypeReference@24dd44f9
2024-07-27T15:58:51.618-06:00 DEBUG 6180 --- [           main] org.hibernate.type.BasicTypeRegistry     : Adding type registration materialized_nclob -> org.hibernate.type.BasicTypeReference@ccd341d
2024-07-27T15:58:51.618-06:00 DEBUG 6180 --- [           main] org.hibernate.type.BasicTypeRegistry     : Adding type registration materialized_nclob_character_array -> org.hibernate.type.BasicTypeReference@4f1fb828
2024-07-27T15:58:51.618-06:00 DEBUG 6180 --- [           main] org.hibernate.type.BasicTypeRegistry     : Adding type registration materialized_nclob_char_array -> org.hibernate.type.BasicTypeReference@6ee5f485
2024-07-27T15:58:51.618-06:00 DEBUG 6180 --- [           main] org.hibernate.type.BasicTypeRegistry     : Adding type registration Duration -> org.hibernate.type.BasicTypeReference@20d19f2c
2024-07-27T15:58:51.618-06:00 DEBUG 6180 --- [           main] org.hibernate.type.BasicTypeRegistry     : Adding type registration java.time.Duration -> org.hibernate.type.BasicTypeReference@20d19f2c
2024-07-27T15:58:51.618-06:00 DEBUG 6180 --- [           main] org.hibernate.type.BasicTypeRegistry     : Adding type registration LocalDateTime -> org.hibernate.type.BasicTypeReference@45592af7
2024-07-27T15:58:51.618-06:00 DEBUG 6180 --- [           main] org.hibernate.type.BasicTypeRegistry     : Adding type registration java.time.LocalDateTime -> org.hibernate.type.BasicTypeReference@45592af7
2024-07-27T15:58:51.618-06:00 DEBUG 6180 --- [           main] org.hibernate.type.BasicTypeRegistry     : Adding type registration LocalDate -> org.hibernate.type.BasicTypeReference@77b5148c
2024-07-27T15:58:51.618-06:00 DEBUG 6180 --- [           main] org.hibernate.type.BasicTypeRegistry     : Adding type registration java.time.LocalDate -> org.hibernate.type.BasicTypeReference@77b5148c
2024-07-27T15:58:51.618-06:00 DEBUG 6180 --- [           main] org.hibernate.type.BasicTypeRegistry     : Adding type registration LocalTime -> org.hibernate.type.BasicTypeReference@36359723
2024-07-27T15:58:51.618-06:00 DEBUG 6180 --- [           main] org.hibernate.type.BasicTypeRegistry     : Adding type registration java.time.LocalTime -> org.hibernate.type.BasicTypeReference@36359723
2024-07-27T15:58:51.618-06:00 DEBUG 6180 --- [           main] org.hibernate.type.BasicTypeRegistry     : Adding type registration OffsetDateTime -> org.hibernate.type.BasicTypeReference@1ab14636
2024-07-27T15:58:51.618-06:00 DEBUG 6180 --- [           main] org.hibernate.type.BasicTypeRegistry     : Adding type registration java.time.OffsetDateTime -> org.hibernate.type.BasicTypeReference@1ab14636
2024-07-27T15:58:51.618-06:00 DEBUG 6180 --- [           main] org.hibernate.type.BasicTypeRegistry     : Adding type registration OffsetDateTimeWithTimezone -> org.hibernate.type.BasicTypeReference@16b3c905
2024-07-27T15:58:51.618-06:00 DEBUG 6180 --- [           main] org.hibernate.type.BasicTypeRegistry     : Adding type registration OffsetDateTimeWithoutTimezone -> org.hibernate.type.BasicTypeReference@49fdbe2b
2024-07-27T15:58:51.618-06:00 DEBUG 6180 --- [           main] org.hibernate.type.BasicTypeRegistry     : Adding type registration OffsetTime -> org.hibernate.type.BasicTypeReference@53eba4b8
2024-07-27T15:58:51.618-06:00 DEBUG 6180 --- [           main] org.hibernate.type.BasicTypeRegistry     : Adding type registration java.time.OffsetTime -> org.hibernate.type.BasicTypeReference@53eba4b8
2024-07-27T15:58:51.619-06:00 DEBUG 6180 --- [           main] org.hibernate.type.BasicTypeRegistry     : Adding type registration OffsetTimeUtc -> org.hibernate.type.BasicTypeReference@437bd805
2024-07-27T15:58:51.619-06:00 DEBUG 6180 --- [           main] org.hibernate.type.BasicTypeRegistry     : Adding type registration OffsetTimeWithTimezone -> org.hibernate.type.BasicTypeReference@4b88ca8e
2024-07-27T15:58:51.619-06:00 DEBUG 6180 --- [           main] org.hibernate.type.BasicTypeRegistry     : Adding type registration OffsetTimeWithoutTimezone -> org.hibernate.type.BasicTypeReference@6fa02932
2024-07-27T15:58:51.619-06:00 DEBUG 6180 --- [           main] org.hibernate.type.BasicTypeRegistry     : Adding type registration ZonedDateTime -> org.hibernate.type.BasicTypeReference@61608e1a
2024-07-27T15:58:51.619-06:00 DEBUG 6180 --- [           main] org.hibernate.type.BasicTypeRegistry     : Adding type registration java.time.ZonedDateTime -> org.hibernate.type.BasicTypeReference@61608e1a
2024-07-27T15:58:51.619-06:00 DEBUG 6180 --- [           main] org.hibernate.type.BasicTypeRegistry     : Adding type registration ZonedDateTimeWithTimezone -> org.hibernate.type.BasicTypeReference@7c46c9c3
2024-07-27T15:58:51.619-06:00 DEBUG 6180 --- [           main] org.hibernate.type.BasicTypeRegistry     : Adding type registration ZonedDateTimeWithoutTimezone -> org.hibernate.type.BasicTypeReference@7197b07f
2024-07-27T15:58:51.619-06:00 DEBUG 6180 --- [           main] org.hibernate.type.BasicTypeRegistry     : Adding type registration date -> org.hibernate.type.BasicTypeReference@1f10fec6
2024-07-27T15:58:51.619-06:00 DEBUG 6180 --- [           main] org.hibernate.type.BasicTypeRegistry     : Adding type registration java.sql.Date -> org.hibernate.type.BasicTypeReference@1f10fec6
2024-07-27T15:58:51.619-06:00 DEBUG 6180 --- [           main] org.hibernate.type.BasicTypeRegistry     : Adding type registration time -> org.hibernate.type.BasicTypeReference@7a65a360
2024-07-27T15:58:51.619-06:00 DEBUG 6180 --- [           main] org.hibernate.type.BasicTypeRegistry     : Adding type registration java.sql.Time -> org.hibernate.type.BasicTypeReference@7a65a360
2024-07-27T15:58:51.619-06:00 DEBUG 6180 --- [           main] org.hibernate.type.BasicTypeRegistry     : Adding type registration timestamp -> org.hibernate.type.BasicTypeReference@30a7653e
2024-07-27T15:58:51.619-06:00 DEBUG 6180 --- [           main] org.hibernate.type.BasicTypeRegistry     : Adding type registration java.sql.Timestamp -> org.hibernate.type.BasicTypeReference@30a7653e
2024-07-27T15:58:51.619-06:00 DEBUG 6180 --- [           main] org.hibernate.type.BasicTypeRegistry     : Adding type registration java.util.Date -> org.hibernate.type.BasicTypeReference@30a7653e
2024-07-27T15:58:51.619-06:00 DEBUG 6180 --- [           main] org.hibernate.type.BasicTypeRegistry     : Adding type registration calendar -> org.hibernate.type.BasicTypeReference@7cff3f1d
2024-07-27T15:58:51.619-06:00 DEBUG 6180 --- [           main] org.hibernate.type.BasicTypeRegistry     : Adding type registration java.util.Calendar -> org.hibernate.type.BasicTypeReference@7cff3f1d
2024-07-27T15:58:51.619-06:00 DEBUG 6180 --- [           main] org.hibernate.type.BasicTypeRegistry     : Adding type registration java.util.GregorianCalendar -> org.hibernate.type.BasicTypeReference@7cff3f1d
2024-07-27T15:58:51.619-06:00 DEBUG 6180 --- [           main] org.hibernate.type.BasicTypeRegistry     : Adding type registration calendar_date -> org.hibernate.type.BasicTypeReference@6401188a
2024-07-27T15:58:51.620-06:00 DEBUG 6180 --- [           main] org.hibernate.type.BasicTypeRegistry     : Adding type registration calendar_time -> org.hibernate.type.BasicTypeReference@33a8c9c9
2024-07-27T15:58:51.620-06:00 DEBUG 6180 --- [           main] org.hibernate.type.BasicTypeRegistry     : Adding type registration instant -> org.hibernate.type.BasicTypeReference@382dc417
2024-07-27T15:58:51.620-06:00 DEBUG 6180 --- [           main] org.hibernate.type.BasicTypeRegistry     : Adding type registration java.time.Instant -> org.hibernate.type.BasicTypeReference@382dc417
2024-07-27T15:58:51.620-06:00 DEBUG 6180 --- [           main] org.hibernate.type.BasicTypeRegistry     : Adding type registration uuid -> org.hibernate.type.BasicTypeReference@3daf03d8
2024-07-27T15:58:51.620-06:00 DEBUG 6180 --- [           main] org.hibernate.type.BasicTypeRegistry     : Adding type registration java.util.UUID -> org.hibernate.type.BasicTypeReference@3daf03d8
2024-07-27T15:58:51.620-06:00 DEBUG 6180 --- [           main] org.hibernate.type.BasicTypeRegistry     : Adding type registration pg-uuid -> org.hibernate.type.BasicTypeReference@3daf03d8
2024-07-27T15:58:51.620-06:00 DEBUG 6180 --- [           main] org.hibernate.type.BasicTypeRegistry     : Adding type registration uuid-binary -> org.hibernate.type.BasicTypeReference@510689af
2024-07-27T15:58:51.620-06:00 DEBUG 6180 --- [           main] org.hibernate.type.BasicTypeRegistry     : Adding type registration uuid-char -> org.hibernate.type.BasicTypeReference@2415e4c7
2024-07-27T15:58:51.620-06:00 DEBUG 6180 --- [           main] org.hibernate.type.BasicTypeRegistry     : Adding type registration class -> org.hibernate.type.BasicTypeReference@72ce812e
2024-07-27T15:58:51.620-06:00 DEBUG 6180 --- [           main] org.hibernate.type.BasicTypeRegistry     : Adding type registration java.lang.Class -> org.hibernate.type.BasicTypeReference@72ce812e
2024-07-27T15:58:51.620-06:00 DEBUG 6180 --- [           main] org.hibernate.type.BasicTypeRegistry     : Adding type registration currency -> org.hibernate.type.BasicTypeReference@373afd6c
2024-07-27T15:58:51.620-06:00 DEBUG 6180 --- [           main] org.hibernate.type.BasicTypeRegistry     : Adding type registration Currency -> org.hibernate.type.BasicTypeReference@373afd6c
2024-07-27T15:58:51.621-06:00 DEBUG 6180 --- [           main] org.hibernate.type.BasicTypeRegistry     : Adding type registration java.util.Currency -> org.hibernate.type.BasicTypeReference@373afd6c
2024-07-27T15:58:51.621-06:00 DEBUG 6180 --- [           main] org.hibernate.type.BasicTypeRegistry     : Adding type registration locale -> org.hibernate.type.BasicTypeReference@592ca48c
2024-07-27T15:58:51.621-06:00 DEBUG 6180 --- [           main] org.hibernate.type.BasicTypeRegistry     : Adding type registration java.util.Locale -> org.hibernate.type.BasicTypeReference@592ca48c
2024-07-27T15:58:51.621-06:00 DEBUG 6180 --- [           main] org.hibernate.type.BasicTypeRegistry     : Adding type registration serializable -> org.hibernate.type.BasicTypeReference@5fed9976
2024-07-27T15:58:51.621-06:00 DEBUG 6180 --- [           main] org.hibernate.type.BasicTypeRegistry     : Adding type registration java.io.Serializable -> org.hibernate.type.BasicTypeReference@5fed9976
2024-07-27T15:58:51.621-06:00 DEBUG 6180 --- [           main] org.hibernate.type.BasicTypeRegistry     : Adding type registration timezone -> org.hibernate.type.BasicTypeReference@3fdcde7a
2024-07-27T15:58:51.621-06:00 DEBUG 6180 --- [           main] org.hibernate.type.BasicTypeRegistry     : Adding type registration java.util.TimeZone -> org.hibernate.type.BasicTypeReference@3fdcde7a
2024-07-27T15:58:51.621-06:00 DEBUG 6180 --- [           main] org.hibernate.type.BasicTypeRegistry     : Adding type registration ZoneOffset -> org.hibernate.type.BasicTypeReference@4f363abd
2024-07-27T15:58:51.621-06:00 DEBUG 6180 --- [           main] org.hibernate.type.BasicTypeRegistry     : Adding type registration java.time.ZoneOffset -> org.hibernate.type.BasicTypeReference@4f363abd
2024-07-27T15:58:51.621-06:00 DEBUG 6180 --- [           main] org.hibernate.type.BasicTypeRegistry     : Adding type registration url -> org.hibernate.type.BasicTypeReference@7302ff13
2024-07-27T15:58:51.621-06:00 DEBUG 6180 --- [           main] org.hibernate.type.BasicTypeRegistry     : Adding type registration java.net.URL -> org.hibernate.type.BasicTypeReference@7302ff13
2024-07-27T15:58:51.621-06:00 DEBUG 6180 --- [           main] org.hibernate.type.BasicTypeRegistry     : Adding type registration vector -> org.hibernate.type.BasicTypeReference@4017fe2c
2024-07-27T15:58:51.621-06:00 DEBUG 6180 --- [           main] org.hibernate.type.BasicTypeRegistry     : Adding type registration row_version -> org.hibernate.type.BasicTypeReference@1961d75a
2024-07-27T15:58:51.626-06:00 DEBUG 6180 --- [           main] org.hibernate.type.BasicTypeRegistry     : Adding type registration object -> org.hibernate.type.JavaObjectType@2c3158e0
2024-07-27T15:58:51.626-06:00 DEBUG 6180 --- [           main] org.hibernate.type.BasicTypeRegistry     : Adding type registration java.lang.Object -> org.hibernate.type.JavaObjectType@2c3158e0
2024-07-27T15:58:51.627-06:00 DEBUG 6180 --- [           main] org.hibernate.type.BasicTypeRegistry     : Adding type registration null -> org.hibernate.type.NullType@4b55ff0a
2024-07-27T15:58:51.627-06:00 DEBUG 6180 --- [           main] org.hibernate.type.BasicTypeRegistry     : Adding type registration imm_date -> org.hibernate.type.BasicTypeReference@46a795de
2024-07-27T15:58:51.627-06:00 DEBUG 6180 --- [           main] org.hibernate.type.BasicTypeRegistry     : Adding type registration imm_time -> org.hibernate.type.BasicTypeReference@256a0d95
2024-07-27T15:58:51.627-06:00 DEBUG 6180 --- [           main] org.hibernate.type.BasicTypeRegistry     : Adding type registration imm_timestamp -> org.hibernate.type.BasicTypeReference@2f3928ac
2024-07-27T15:58:51.627-06:00 DEBUG 6180 --- [           main] org.hibernate.type.BasicTypeRegistry     : Adding type registration imm_calendar -> org.hibernate.type.BasicTypeReference@4bf03fee
2024-07-27T15:58:51.627-06:00 DEBUG 6180 --- [           main] org.hibernate.type.BasicTypeRegistry     : Adding type registration imm_calendar_date -> org.hibernate.type.BasicTypeReference@31834a2b
2024-07-27T15:58:51.627-06:00 DEBUG 6180 --- [           main] org.hibernate.type.BasicTypeRegistry     : Adding type registration imm_calendar_time -> org.hibernate.type.BasicTypeReference@44f0ff2b
2024-07-27T15:58:51.627-06:00 DEBUG 6180 --- [           main] org.hibernate.type.BasicTypeRegistry     : Adding type registration imm_binary -> org.hibernate.type.BasicTypeReference@22ead351
2024-07-27T15:58:51.627-06:00 DEBUG 6180 --- [           main] org.hibernate.type.BasicTypeRegistry     : Adding type registration imm_serializable -> org.hibernate.type.BasicTypeReference@68af87ad
2024-07-27T15:58:51.632-06:00 DEBUG 6180 --- [           main] o.h.boot.internal.BootstrapContextImpl   : Injecting JPA temp ClassLoader [org.springframework.instrument.classloading.SimpleThrowawayClassLoader@54c425b1] into BootstrapContext; was [null]
2024-07-27T15:58:51.632-06:00 DEBUG 6180 --- [           main] o.h.boot.internal.ClassLoaderAccessImpl  : ClassLoaderAccessImpl#injectTempClassLoader(org.springframework.instrument.classloading.SimpleThrowawayClassLoader@54c425b1) [was null]
2024-07-27T15:58:51.633-06:00 DEBUG 6180 --- [           main] o.h.boot.internal.BootstrapContextImpl   : Injecting ScanEnvironment [org.hibernate.jpa.boot.internal.StandardJpaScanEnvironmentImpl@ab4aa5e] into BootstrapContext; was [null]
2024-07-27T15:58:51.633-06:00 DEBUG 6180 --- [           main] o.h.boot.internal.BootstrapContextImpl   : Injecting ScanOptions [org.hibernate.boot.archive.scan.internal.StandardScanOptions@b14b60a] into BootstrapContext; was [org.hibernate.boot.archive.scan.internal.StandardScanOptions@1a7cb3a4]
2024-07-27T15:58:51.796-06:00  INFO 6180 --- [           main] o.s.o.j.p.SpringPersistenceUnitInfo      : No LoadTimeWeaver setup: ignoring JPA class transformer
2024-07-27T15:58:51.796-06:00 DEBUG 6180 --- [           main] o.h.boot.internal.BootstrapContextImpl   : Injecting JPA temp ClassLoader [null] into BootstrapContext; was [org.springframework.instrument.classloading.SimpleThrowawayClassLoader@54c425b1]
2024-07-27T15:58:51.796-06:00 DEBUG 6180 --- [           main] o.h.boot.internal.ClassLoaderAccessImpl  : ClassLoaderAccessImpl#injectTempClassLoader(null) [was org.springframework.instrument.classloading.SimpleThrowawayClassLoader@54c425b1]
2024-07-27T15:58:51.830-06:00  INFO 6180 --- [           main] com.zaxxer.hikari.HikariDataSource       : HikariPool-1 - Starting...
2024-07-27T15:58:53.181-06:00  INFO 6180 --- [           main] com.zaxxer.hikari.pool.HikariPool        : HikariPool-1 - Added connection com.mysql.cj.jdbc.ConnectionImpl@20864cd1
2024-07-27T15:58:53.184-06:00  INFO 6180 --- [           main] com.zaxxer.hikari.HikariDataSource       : HikariPool-1 - Start completed.
2024-07-27T15:58:53.187-06:00 DEBUG 6180 --- [           main] o.h.e.j.e.i.JdbcEnvironmentInitiator     : Database ->
       name : MySQL
    version : 5.7.44-log-cll-lve
      major : 5
      minor : 7
2024-07-27T15:58:53.188-06:00 DEBUG 6180 --- [           main] o.h.e.j.e.i.JdbcEnvironmentInitiator     : Driver ->
       name : MySQL Connector/J
    version : mysql-connector-j-8.0.33 (Revision: 7d6b0800528b6b25c68b52dc10d6c1c8429c100c)
      major : 8
      minor : 0
2024-07-27T15:58:53.188-06:00 DEBUG 6180 --- [           main] o.h.e.j.e.i.JdbcEnvironmentInitiator     : JDBC version : 4.2
2024-07-27T15:58:53.210-06:00  WARN 6180 --- [           main] org.hibernate.orm.deprecation            : HHH90000025: MySQL8Dialect does not need to be specified explicitly using 'hibernate.dialect' (remove the property setting and it will be selected by default)
2024-07-27T15:58:53.211-06:00 DEBUG 6180 --- [           main] org.hibernate.orm.dialect                : HHH035001: Using dialect: org.hibernate.dialect.MySQL8Dialect, version: 8.0
2024-07-27T15:58:53.211-06:00  WARN 6180 --- [           main] org.hibernate.orm.deprecation            : HHH90000026: MySQL8Dialect has been deprecated; use org.hibernate.dialect.MySQLDialect instead
2024-07-27T15:58:53.218-06:00 DEBUG 6180 --- [           main] o.h.e.j.env.spi.IdentifierHelperBuilder  : JDBC driver metadata reported database stores quoted identifiers in more than one case
2024-07-27T15:58:53.218-06:00 DEBUG 6180 --- [           main] o.h.e.j.env.spi.IdentifierHelperBuilder  : IdentifierCaseStrategy for both quoted and unquoted identifiers was set to the same strategy [MIXED]; that will likely lead to problems in schema update and validation if using quoted identifiers
2024-07-27T15:58:53.235-06:00 DEBUG 6180 --- [           main] o.h.t.d.sql.spi.DdlTypeRegistry          : addDescriptor(12, org.hibernate.type.descriptor.sql.internal.CapacityDependentDdlType@45c90a05) replaced previous registration(org.hibernate.type.descriptor.sql.internal.CapacityDependentDdlType@296676c4)
2024-07-27T15:58:53.235-06:00 DEBUG 6180 --- [           main] o.h.t.d.sql.spi.DdlTypeRegistry          : addDescriptor(-9, org.hibernate.type.descriptor.sql.internal.CapacityDependentDdlType@df7d1d4) replaced previous registration(org.hibernate.type.descriptor.sql.internal.CapacityDependentDdlType@58f7215c)
2024-07-27T15:58:53.235-06:00 DEBUG 6180 --- [           main] o.h.t.d.sql.spi.DdlTypeRegistry          : addDescriptor(-3, org.hibernate.type.descriptor.sql.internal.CapacityDependentDdlType@55638165) replaced previous registration(org.hibernate.type.descriptor.sql.internal.CapacityDependentDdlType@4fa91d5b)
2024-07-27T15:58:53.236-06:00 DEBUG 6180 --- [           main] o.h.t.d.sql.spi.DdlTypeRegistry          : addDescriptor(4003, org.hibernate.type.descriptor.sql.internal.DdlTypeImpl@7ce30c0b) replaced previous registration(org.hibernate.type.descriptor.sql.internal.DdlTypeImpl@1d7f2f0a)
2024-07-27T15:58:53.236-06:00 DEBUG 6180 --- [           main] o.h.t.d.sql.spi.DdlTypeRegistry          : addDescriptor(4001, org.hibernate.type.descriptor.sql.internal.DdlTypeImpl@54defd69) replaced previous registration(org.hibernate.type.descriptor.sql.internal.DdlTypeImpl@531a716c)
2024-07-27T15:58:53.236-06:00 DEBUG 6180 --- [           main] o.h.t.d.sql.spi.DdlTypeRegistry          : addDescriptor(4002, org.hibernate.type.descriptor.sql.internal.DdlTypeImpl@377dbc50) replaced previous registration(org.hibernate.type.descriptor.sql.internal.DdlTypeImpl@531ec2ca)
2024-07-27T15:58:53.236-06:00 DEBUG 6180 --- [           main] o.h.t.d.sql.spi.DdlTypeRegistry          : addDescriptor(2004, org.hibernate.type.descriptor.sql.internal.CapacityDependentDdlType@70884875) replaced previous registration(org.hibernate.type.descriptor.sql.internal.DdlTypeImpl@7019d619)
2024-07-27T15:58:53.236-06:00 DEBUG 6180 --- [           main] o.h.t.d.sql.spi.DdlTypeRegistry          : addDescriptor(2005, org.hibernate.type.descriptor.sql.internal.CapacityDependentDdlType@2a5c6b76) replaced previous registration(org.hibernate.type.descriptor.sql.internal.DdlTypeImpl@ff1f465)
2024-07-27T15:58:53.236-06:00 DEBUG 6180 --- [           main] o.h.t.d.sql.spi.DdlTypeRegistry          : addDescriptor(2011, org.hibernate.type.descriptor.sql.internal.CapacityDependentDdlType@3d88ce0e) replaced previous registration(org.hibernate.type.descriptor.sql.internal.DdlTypeImpl@31f7eb8)
2024-07-27T15:58:53.237-06:00 DEBUG 6180 --- [           main] o.h.t.d.jdbc.spi.JdbcTypeRegistry        : addDescriptor(NCharTypeDescriptor) replaced previous registration(CharTypeDescriptor)
2024-07-27T15:58:53.237-06:00 DEBUG 6180 --- [           main] o.h.t.d.jdbc.spi.JdbcTypeRegistry        : addDescriptor(NVarcharTypeDescriptor) replaced previous registration(VarcharTypeDescriptor)
2024-07-27T15:58:53.238-06:00 DEBUG 6180 --- [           main] o.h.t.d.jdbc.spi.JdbcTypeRegistry        : addDescriptor(LongNVarcharTypeDescriptor) replaced previous registration(LongVarcharTypeDescriptor)
2024-07-27T15:58:53.240-06:00 DEBUG 6180 --- [           main] o.h.t.d.jdbc.spi.JdbcTypeRegistry        : addDescriptor(NClobTypeDescriptor(DEFAULT)) replaced previous registration(ClobTypeDescriptor(DEFAULT))
2024-07-27T15:58:53.240-06:00 DEBUG 6180 --- [           main] o.h.t.d.jdbc.spi.JdbcTypeRegistry        : addDescriptor(2005, ClobTypeDescriptor(STREAM_BINDING)) replaced previous registration(ClobTypeDescriptor(DEFAULT))
2024-07-27T15:58:53.242-06:00 DEBUG 6180 --- [           main] org.hibernate.type.BasicTypeRegistry     : Adding type registration null -> org.hibernate.type.NullType@3d798e76
2024-07-27T15:58:53.243-06:00 DEBUG 6180 --- [           main] org.hibernate.type.BasicTypeRegistry     : Type registration key [null] overrode previous entry : `org.hibernate.type.NullType@4b55ff0a`
2024-07-27T15:58:53.246-06:00 DEBUG 6180 --- [           main] org.hibernate.type.BasicTypeRegistry     : Adding type registration org.hibernate.type.DurationType -> basicType@1(java.time.Duration,3015)
2024-07-27T15:58:53.246-06:00 DEBUG 6180 --- [           main] org.hibernate.type.BasicTypeRegistry     : Adding type registration Duration -> basicType@1(java.time.Duration,3015)
2024-07-27T15:58:53.246-06:00 DEBUG 6180 --- [           main] org.hibernate.type.BasicTypeRegistry     : Adding type registration java.time.Duration -> basicType@1(java.time.Duration,3015)
2024-07-27T15:58:53.248-06:00 DEBUG 6180 --- [           main] org.hibernate.type.BasicTypeRegistry     : Adding type registration org.hibernate.type.OffsetDateTimeType -> basicType@2(java.time.OffsetDateTime,3003)
2024-07-27T15:58:53.248-06:00 DEBUG 6180 --- [           main] org.hibernate.type.BasicTypeRegistry     : Adding type registration OffsetDateTime -> basicType@2(java.time.OffsetDateTime,3003)
2024-07-27T15:58:53.248-06:00 DEBUG 6180 --- [           main] org.hibernate.type.BasicTypeRegistry     : Adding type registration java.time.OffsetDateTime -> basicType@2(java.time.OffsetDateTime,3003)
2024-07-27T15:58:53.249-06:00 DEBUG 6180 --- [           main] org.hibernate.type.BasicTypeRegistry     : Adding type registration org.hibernate.type.ZonedDateTimeType -> basicType@3(java.time.ZonedDateTime,3003)
2024-07-27T15:58:53.249-06:00 DEBUG 6180 --- [           main] org.hibernate.type.BasicTypeRegistry     : Adding type registration ZonedDateTime -> basicType@3(java.time.ZonedDateTime,3003)
2024-07-27T15:58:53.249-06:00 DEBUG 6180 --- [           main] org.hibernate.type.BasicTypeRegistry     : Adding type registration java.time.ZonedDateTime -> basicType@3(java.time.ZonedDateTime,3003)
2024-07-27T15:58:53.249-06:00 DEBUG 6180 --- [           main] org.hibernate.type.BasicTypeRegistry     : Adding type registration org.hibernate.type.OffsetTimeType -> basicType@4(java.time.OffsetTime,3007)
2024-07-27T15:58:53.249-06:00 DEBUG 6180 --- [           main] org.hibernate.type.BasicTypeRegistry     : Adding type registration OffsetTime -> basicType@4(java.time.OffsetTime,3007)
2024-07-27T15:58:53.249-06:00 DEBUG 6180 --- [           main] org.hibernate.type.BasicTypeRegistry     : Adding type registration java.time.OffsetTime -> basicType@4(java.time.OffsetTime,3007)
2024-07-27T15:58:53.250-06:00 DEBUG 6180 --- [           main] o.h.type.spi.TypeConfiguration$Scope     : Scoping TypeConfiguration [org.hibernate.type.spi.TypeConfiguration@59a94d0f] to MetadataBuildingContext [org.hibernate.boot.internal.MetadataBuildingContextRootImpl@7ff09659]
2024-07-27T15:58:53.289-06:00 DEBUG 6180 --- [           main] o.h.boot.model.relational.Namespace      : Created database namespace [logicalName=Name{catalog=null, schema=null}, physicalName=Name{catalog=null, schema=null}]
2024-07-27T15:58:53.315-06:00 DEBUG 6180 --- [           main] o.h.boot.model.internal.EntityBinder     : Binding entity from annotated class: com.MimitosShop.API.Model.Admin
2024-07-27T15:58:53.325-06:00 DEBUG 6180 --- [           main] o.h.boot.model.internal.EntityBinder     : Import with entity name Admin
2024-07-27T15:58:53.335-06:00 DEBUG 6180 --- [           main] o.h.boot.model.internal.EntityBinder     : Bind entity com.MimitosShop.API.Model.Admin on table admin
2024-07-27T15:58:53.345-06:00 DEBUG 6180 --- [           main] o.h.boot.model.internal.AnnotatedColumn  : Binding column: AnnotatedDiscriminatorColumn(column='DTYPE')
2024-07-27T15:58:53.362-06:00 DEBUG 6180 --- [           main] o.h.boot.model.internal.AnnotatedColumn  : Binding column: AnnotatedColumn()
2024-07-27T15:58:53.363-06:00 DEBUG 6180 --- [           main] o.h.boot.internal.ClassLoaderAccessImpl  : Not known whether passed class name [com.MimitosShop.API.Model.Admin] is safe
2024-07-27T15:58:53.363-06:00 DEBUG 6180 --- [           main] o.h.boot.internal.ClassLoaderAccessImpl  : No temp ClassLoader provided; using live ClassLoader for loading potentially unsafe class : com.MimitosShop.API.Model.Admin
2024-07-27T15:58:53.366-06:00 DEBUG 6180 --- [           main] o.h.boot.model.internal.PropertyBinder   : MetadataSourceProcessor property id with lazy=false
2024-07-27T15:58:53.371-06:00 DEBUG 6180 --- [           main] o.h.b.m.internal.AbstractPropertyHolder  : Attempting to locate auto-apply AttributeConverter for property [com.MimitosShop.API.Model.Admin:id]
2024-07-27T15:58:53.376-06:00 DEBUG 6180 --- [           main] o.h.b.model.internal.BasicValueBinder    : building BasicValue for id
2024-07-27T15:58:53.378-06:00 DEBUG 6180 --- [           main] org.hibernate.mapping.BasicValue         : Skipping column re-registration: admin.id
2024-07-27T15:58:53.379-06:00 DEBUG 6180 --- [           main] o.h.boot.model.internal.PropertyBinder   : Building property id
2024-07-27T15:58:53.383-06:00 DEBUG 6180 --- [           main] o.h.boot.model.internal.BinderHelper     : #makeIdGenerator(BasicValue([Column(id)]), id, identity, , ...)
2024-07-27T15:58:53.384-06:00 DEBUG 6180 --- [           main] o.h.boot.model.internal.AnnotatedColumn  : Binding column: AnnotatedColumn()
2024-07-27T15:58:53.385-06:00 DEBUG 6180 --- [           main] o.h.boot.model.internal.PropertyBinder   : MetadataSourceProcessor property email with lazy=false
2024-07-27T15:58:53.385-06:00 DEBUG 6180 --- [           main] o.h.b.m.internal.AbstractPropertyHolder  : Attempting to locate auto-apply AttributeConverter for property [com.MimitosShop.API.Model.Admin:email]
2024-07-27T15:58:53.385-06:00 DEBUG 6180 --- [           main] o.h.b.model.internal.BasicValueBinder    : building BasicValue for email
2024-07-27T15:58:53.385-06:00 DEBUG 6180 --- [           main] org.hibernate.mapping.BasicValue         : Skipping column re-registration: admin.email
2024-07-27T15:58:53.385-06:00 DEBUG 6180 --- [           main] o.h.boot.model.internal.PropertyBinder   : Building property email
2024-07-27T15:58:53.385-06:00 DEBUG 6180 --- [           main] o.h.boot.model.internal.AnnotatedColumn  : Binding column: AnnotatedColumn()
2024-07-27T15:58:53.385-06:00 DEBUG 6180 --- [           main] o.h.boot.model.internal.PropertyBinder   : MetadataSourceProcessor property lastname with lazy=false
2024-07-27T15:58:53.385-06:00 DEBUG 6180 --- [           main] o.h.b.m.internal.AbstractPropertyHolder  : Attempting to locate auto-apply AttributeConverter for property [com.MimitosShop.API.Model.Admin:lastname]
2024-07-27T15:58:53.385-06:00 DEBUG 6180 --- [           main] o.h.b.model.internal.BasicValueBinder    : building BasicValue for lastname
2024-07-27T15:58:53.386-06:00 DEBUG 6180 --- [           main] org.hibernate.mapping.BasicValue         : Skipping column re-registration: admin.lastname
2024-07-27T15:58:53.386-06:00 DEBUG 6180 --- [           main] o.h.boot.model.internal.PropertyBinder   : Building property lastname
2024-07-27T15:58:53.386-06:00 DEBUG 6180 --- [           main] o.h.boot.model.internal.AnnotatedColumn  : Binding column: AnnotatedColumn()
2024-07-27T15:58:53.386-06:00 DEBUG 6180 --- [           main] o.h.boot.model.internal.PropertyBinder   : MetadataSourceProcessor property name with lazy=false
2024-07-27T15:58:53.386-06:00 DEBUG 6180 --- [           main] o.h.b.m.internal.AbstractPropertyHolder  : Attempting to locate auto-apply AttributeConverter for property [com.MimitosShop.API.Model.Admin:name]
2024-07-27T15:58:53.386-06:00 DEBUG 6180 --- [           main] o.h.b.model.internal.BasicValueBinder    : building BasicValue for name
2024-07-27T15:58:53.386-06:00 DEBUG 6180 --- [           main] org.hibernate.mapping.BasicValue         : Skipping column re-registration: admin.name
2024-07-27T15:58:53.386-06:00 DEBUG 6180 --- [           main] o.h.boot.model.internal.PropertyBinder   : Building property name
2024-07-27T15:58:53.386-06:00 DEBUG 6180 --- [           main] o.h.boot.model.internal.AnnotatedColumn  : Binding column: AnnotatedColumn()
2024-07-27T15:58:53.386-06:00 DEBUG 6180 --- [           main] o.h.boot.model.internal.PropertyBinder   : MetadataSourceProcessor property password with lazy=false
2024-07-27T15:58:53.386-06:00 DEBUG 6180 --- [           main] o.h.b.m.internal.AbstractPropertyHolder  : Attempting to locate auto-apply AttributeConverter for property [com.MimitosShop.API.Model.Admin:password]
2024-07-27T15:58:53.386-06:00 DEBUG 6180 --- [           main] o.h.b.model.internal.BasicValueBinder    : building BasicValue for password
2024-07-27T15:58:53.386-06:00 DEBUG 6180 --- [           main] org.hibernate.mapping.BasicValue         : Skipping column re-registration: admin.password
2024-07-27T15:58:53.386-06:00 DEBUG 6180 --- [           main] o.h.boot.model.internal.PropertyBinder   : Building property password
2024-07-27T15:58:53.388-06:00 DEBUG 6180 --- [           main] o.h.b.r.c.i.ClassLoaderServiceImpl       : HHH000194: Package not found or wo package-info.java: com.MimitosShop.API.Model
2024-07-27T15:58:53.394-06:00 DEBUG 6180 --- [           main] o.h.boot.model.internal.EntityBinder     : Binding entity from annotated class: com.MimitosShop.API.Model.Cart
2024-07-27T15:58:53.395-06:00 DEBUG 6180 --- [           main] o.h.boot.model.internal.EntityBinder     : Import with entity name Cart
2024-07-27T15:58:53.395-06:00 DEBUG 6180 --- [           main] o.h.boot.model.internal.EntityBinder     : Bind entity com.MimitosShop.API.Model.Cart on table cart
2024-07-27T15:58:53.395-06:00 DEBUG 6180 --- [           main] o.h.boot.model.internal.AnnotatedColumn  : Binding column: AnnotatedDiscriminatorColumn(column='DTYPE')
2024-07-27T15:58:53.400-06:00 DEBUG 6180 --- [           main] o.h.boot.model.internal.AnnotatedColumn  : Binding column: AnnotatedColumn()
2024-07-27T15:58:53.400-06:00 DEBUG 6180 --- [           main] o.h.boot.internal.ClassLoaderAccessImpl  : Not known whether passed class name [com.MimitosShop.API.Model.Cart] is safe
2024-07-27T15:58:53.400-06:00 DEBUG 6180 --- [           main] o.h.boot.internal.ClassLoaderAccessImpl  : No temp ClassLoader provided; using live ClassLoader for loading potentially unsafe class : com.MimitosShop.API.Model.Cart
2024-07-27T15:58:53.400-06:00 DEBUG 6180 --- [           main] o.h.boot.model.internal.PropertyBinder   : MetadataSourceProcessor property id with lazy=false
2024-07-27T15:58:53.400-06:00 DEBUG 6180 --- [           main] o.h.b.m.internal.AbstractPropertyHolder  : Attempting to locate auto-apply AttributeConverter for property [com.MimitosShop.API.Model.Cart:id]
2024-07-27T15:58:53.401-06:00 DEBUG 6180 --- [           main] o.h.b.model.internal.BasicValueBinder    : building BasicValue for id
2024-07-27T15:58:53.401-06:00 DEBUG 6180 --- [           main] org.hibernate.mapping.BasicValue         : Skipping column re-registration: cart.id
2024-07-27T15:58:53.401-06:00 DEBUG 6180 --- [           main] o.h.boot.model.internal.PropertyBinder   : Building property id
2024-07-27T15:58:53.401-06:00 DEBUG 6180 --- [           main] o.h.boot.model.internal.BinderHelper     : #makeIdGenerator(BasicValue([Column(id)]), id, identity, , ...)
2024-07-27T15:58:53.403-06:00 DEBUG 6180 --- [           main] o.h.boot.model.internal.AnnotatedColumn  : Binding column: AnnotatedJoinColumn()
2024-07-27T15:58:53.403-06:00 DEBUG 6180 --- [           main] o.h.boot.model.internal.AnnotatedColumn  : Binding column: AnnotatedColumn()
2024-07-27T15:58:53.415-06:00 DEBUG 6180 --- [           main] o.h.boot.model.internal.AnnotatedColumn  : Binding column: IndexColumn(column='cartItems_ORDER')
2024-07-27T15:58:53.419-06:00 DEBUG 6180 --- [           main] o.h.boot.model.internal.AnnotatedColumn  : Binding column: AnnotatedColumn()
2024-07-27T15:58:53.419-06:00 DEBUG 6180 --- [           main] o.h.boot.model.internal.AnnotatedColumn  : Binding column: AnnotatedColumn(column='cartItems_KEY')
2024-07-27T15:58:53.420-06:00 DEBUG 6180 --- [           main] o.h.boot.model.internal.AnnotatedColumn  : Binding column: AnnotatedJoinColumn(column='cartItems_KEY')
2024-07-27T15:58:53.421-06:00 DEBUG 6180 --- [           main] o.h.boot.model.internal.AnnotatedColumn  : Binding column: AnnotatedJoinColumn()
2024-07-27T15:58:53.422-06:00 DEBUG 6180 --- [           main] o.h.boot.model.internal.AnnotatedColumn  : Binding column: AnnotatedJoinColumn()
2024-07-27T15:58:53.424-06:00 DEBUG 6180 --- [           main] o.h.b.model.internal.CollectionBinder    : Collection role: com.MimitosShop.API.Model.Cart.cartItems
2024-07-27T15:58:53.427-06:00 DEBUG 6180 --- [           main] o.h.boot.model.internal.PropertyBinder   : Building property cartItems
2024-07-27T15:58:53.428-06:00 DEBUG 6180 --- [           main] o.h.boot.model.internal.AnnotatedColumn  : Binding column: AnnotatedJoinColumn(column='user_id',referencedColumn='id')
2024-07-27T15:58:53.428-06:00 DEBUG 6180 --- [           main] o.h.boot.model.internal.AnnotatedColumn  : Binding column: AnnotatedColumn()
2024-07-27T15:58:53.432-06:00 DEBUG 6180 --- [           main] o.h.boot.model.internal.PropertyBinder   : Building property user
2024-07-27T15:58:53.433-06:00 DEBUG 6180 --- [           main] o.h.b.r.c.i.ClassLoaderServiceImpl       : HHH000194: Package not found or wo package-info.java: com.MimitosShop.API.Model
2024-07-27T15:58:53.433-06:00 DEBUG 6180 --- [           main] o.h.boot.model.internal.EntityBinder     : Binding entity from annotated class: com.MimitosShop.API.Model.CartItem
2024-07-27T15:58:53.434-06:00 DEBUG 6180 --- [           main] o.h.boot.model.internal.EntityBinder     : Import with entity name CartItem
2024-07-27T15:58:53.434-06:00 DEBUG 6180 --- [           main] o.h.boot.model.internal.EntityBinder     : Bind entity com.MimitosShop.API.Model.CartItem on table cart_item
2024-07-27T15:58:53.435-06:00 DEBUG 6180 --- [           main] o.h.boot.model.internal.AnnotatedColumn  : Binding column: AnnotatedDiscriminatorColumn(column='DTYPE')
2024-07-27T15:58:53.437-06:00 DEBUG 6180 --- [           main] o.h.boot.model.internal.AnnotatedColumn  : Binding column: AnnotatedColumn()
2024-07-27T15:58:53.437-06:00 DEBUG 6180 --- [           main] o.h.boot.internal.ClassLoaderAccessImpl  : Not known whether passed class name [com.MimitosShop.API.Model.CartItem] is safe
2024-07-27T15:58:53.437-06:00 DEBUG 6180 --- [           main] o.h.boot.internal.ClassLoaderAccessImpl  : No temp ClassLoader provided; using live ClassLoader for loading potentially unsafe class : com.MimitosShop.API.Model.CartItem
2024-07-27T15:58:53.437-06:00 DEBUG 6180 --- [           main] o.h.boot.model.internal.PropertyBinder   : MetadataSourceProcessor property id with lazy=false
2024-07-27T15:58:53.437-06:00 DEBUG 6180 --- [           main] o.h.b.m.internal.AbstractPropertyHolder  : Attempting to locate auto-apply AttributeConverter for property [com.MimitosShop.API.Model.CartItem:id]
2024-07-27T15:58:53.437-06:00 DEBUG 6180 --- [           main] o.h.b.model.internal.BasicValueBinder    : building BasicValue for id
2024-07-27T15:58:53.437-06:00 DEBUG 6180 --- [           main] org.hibernate.mapping.BasicValue         : Skipping column re-registration: cart_item.id
2024-07-27T15:58:53.437-06:00 DEBUG 6180 --- [           main] o.h.boot.model.internal.PropertyBinder   : Building property id
2024-07-27T15:58:53.437-06:00 DEBUG 6180 --- [           main] o.h.boot.model.internal.BinderHelper     : #makeIdGenerator(BasicValue([Column(id)]), id, identity, , ...)
2024-07-27T15:58:53.438-06:00 DEBUG 6180 --- [           main] o.h.boot.model.internal.AnnotatedColumn  : Binding column: AnnotatedJoinColumn(column='cart_id')
2024-07-27T15:58:53.438-06:00 DEBUG 6180 --- [           main] o.h.boot.model.internal.AnnotatedColumn  : Binding column: AnnotatedColumn()
2024-07-27T15:58:53.438-06:00 DEBUG 6180 --- [           main] o.h.boot.model.internal.PropertyBinder   : Building property cart
2024-07-27T15:58:53.438-06:00 DEBUG 6180 --- [           main] o.h.boot.model.internal.AnnotatedColumn  : Binding column: AnnotatedJoinColumn(column='product_id')
2024-07-27T15:58:53.438-06:00 DEBUG 6180 --- [           main] o.h.boot.model.internal.AnnotatedColumn  : Binding column: AnnotatedColumn()
2024-07-27T15:58:53.438-06:00 DEBUG 6180 --- [           main] o.h.boot.model.internal.PropertyBinder   : Building property product
2024-07-27T15:58:53.438-06:00 DEBUG 6180 --- [           main] o.h.boot.model.internal.AnnotatedColumn  : Binding column: AnnotatedColumn()
2024-07-27T15:58:53.438-06:00 DEBUG 6180 --- [           main] o.h.boot.model.internal.PropertyBinder   : MetadataSourceProcessor property quantity with lazy=false
2024-07-27T15:58:53.439-06:00 DEBUG 6180 --- [           main] o.h.b.m.internal.AbstractPropertyHolder  : Attempting to locate auto-apply AttributeConverter for property [com.MimitosShop.API.Model.CartItem:quantity]
2024-07-27T15:58:53.439-06:00 DEBUG 6180 --- [           main] o.h.b.model.internal.BasicValueBinder    : building BasicValue for quantity
2024-07-27T15:58:53.439-06:00 DEBUG 6180 --- [           main] org.hibernate.mapping.BasicValue         : Skipping column re-registration: cart_item.quantity
2024-07-27T15:58:53.439-06:00 DEBUG 6180 --- [           main] o.h.boot.model.internal.PropertyBinder   : Building property quantity
2024-07-27T15:58:53.439-06:00 DEBUG 6180 --- [           main] o.h.b.r.c.i.ClassLoaderServiceImpl       : HHH000194: Package not found or wo package-info.java: com.MimitosShop.API.Model
[...]
      Did not match:
         - @ConditionalOnClass did not find required class 'org.apache.pulsar.client.api.PulsarClient' (OnClassCondition)

   PulsarReactiveAutoConfiguration:
      Did not match:
         - @ConditionalOnClass did not find required class 'org.apache.pulsar.client.api.PulsarClient' (OnClassCondition)

   QuartzAutoConfiguration:
      Did not match:
         - @ConditionalOnClass did not find required class 'org.quartz.Scheduler' (OnClassCondition)

   R2dbcAutoConfiguration:
      Did not match:
         - @ConditionalOnClass did not find required class 'io.r2dbc.spi.ConnectionFactory' (OnClassCondition)

   R2dbcDataAutoConfiguration:
      Did not match:
         - @ConditionalOnClass did not find required class 'org.springframework.data.r2dbc.core.R2dbcEntityTemplate' (OnClassCondition)

   R2dbcInitializationConfiguration:
      Did not match:
         - @ConditionalOnClass did not find required classes 'io.r2dbc.spi.ConnectionFactory', 'org.springframework.r2dbc.connection.init.DatabasePopulator' (OnClassCondition)

   R2dbcRepositoriesAutoConfiguration:
      Did not match:
         - @ConditionalOnClass did not find required class 'io.r2dbc.spi.ConnectionFactory' (OnClassCondition)

   R2dbcTransactionManagerAutoConfiguration:
      Did not match:
         - @ConditionalOnClass did not find required class 'org.springframework.r2dbc.connection.R2dbcTransactionManager' (OnClassCondition)

   RSocketGraphQlClientAutoConfiguration:
      Did not match:
         - @ConditionalOnClass did not find required class 'graphql.GraphQL' (OnClassCondition)

   RSocketMessagingAutoConfiguration:
      Did not match:
         - @ConditionalOnClass did not find required class 'io.rsocket.RSocket' (OnClassCondition)

   RSocketRequesterAutoConfiguration:
      Did not match:
         - @ConditionalOnClass did not find required class 'io.rsocket.RSocket' (OnClassCondition)

   RSocketSecurityAutoConfiguration:
      Did not match:
         - @ConditionalOnClass did not find required class 'org.springframework.security.rsocket.core.SecuritySocketAcceptorInterceptor' (OnClassCondition)

   RSocketServerAutoConfiguration:
      Did not match:
         - @ConditionalOnClass did not find required class 'io.rsocket.core.RSocketServer' (OnClassCondition)

   RSocketStrategiesAutoConfiguration:
      Did not match:
         - @ConditionalOnClass did not find required class 'io.netty.buffer.PooledByteBufAllocator' (OnClassCondition)

   RabbitAutoConfiguration:
      Did not match:
         - @ConditionalOnClass did not find required class 'com.rabbitmq.client.Channel' (OnClassCondition)

   ReactiveElasticsearchClientAutoConfiguration:
      Did not match:
         - @ConditionalOnClass did not find required class 'co.elastic.clients.transport.ElasticsearchTransport' (OnClassCondition)

   ReactiveElasticsearchRepositoriesAutoConfiguration:
      Did not match:
         - @ConditionalOnClass did not find required class 'org.springframework.data.elasticsearch.client.elc.ReactiveElasticsearchClient' (OnClassCondition)

   ReactiveMultipartAutoConfiguration:
      Did not match:
         - @ConditionalOnClass did not find required class 'org.springframework.web.reactive.config.WebFluxConfigurer' (OnClassCondition)

   ReactiveOAuth2ClientAutoConfiguration:
      Did not match:
         - @ConditionalOnClass did not find required class 'reactor.core.publisher.Flux' (OnClassCondition)

   ReactiveOAuth2ResourceServerAutoConfiguration:
      Did not match:
         - @ConditionalOnClass did not find required class 'org.springframework.security.config.annotation.web.reactive.EnableWebFluxSecurity' (OnClassCondition)

   ReactiveSecurityAutoConfiguration:
      Did not match:
         - @ConditionalOnClass did not find required class 'reactor.core.publisher.Flux' (OnClassCondition)

   ReactiveUserDetailsServiceAutoConfiguration:
      Did not match:
         - @ConditionalOnClass did not find required class 'org.springframework.security.authentication.ReactiveAuthenticationManager' (OnClassCondition)

   ReactiveWebServerFactoryAutoConfiguration:
      Did not match:
         - @ConditionalOnWebApplication did not find reactive web application classes (OnWebApplicationCondition)

   ReactorAutoConfiguration:
      Did not match:
         - @ConditionalOnClass did not find required class 'reactor.core.publisher.Hooks' (OnClassCondition)

   RedisAutoConfiguration:
      Did not match:
         - @ConditionalOnClass did not find required class 'org.springframework.data.redis.core.RedisOperations' (OnClassCondition)

   RedisCacheConfiguration:
      Did not match:
         - @ConditionalOnClass did not find required class 'org.springframework.data.redis.connection.RedisConnectionFactory' (OnClassCondition)

   RedisReactiveAutoConfiguration:
      Did not match:
         - @ConditionalOnClass did not find required class 'reactor.core.publisher.Flux' (OnClassCondition)

   RedisRepositoriesAutoConfiguration:
      Did not match:
         - @ConditionalOnClass did not find required class 'org.springframework.data.redis.repository.configuration.EnableRedisRepositories' (OnClassCondition)

   RepositoryRestMvcAutoConfiguration:
      Did not match:
         - @ConditionalOnClass did not find required class 'org.springframework.data.rest.webmvc.config.RepositoryRestMvcConfiguration' (OnClassCondition)

   Saml2RelyingPartyAutoConfiguration:
      Did not match:
         - @ConditionalOnClass did not find required class 'org.springframework.security.saml2.provider.service.registration.RelyingPartyRegistrationRepository' (OnClassCondition)

   SecurityAutoConfiguration:
      Did not match:
         - @ConditionalOnClass did not find required class 'org.springframework.security.authentication.DefaultAuthenticationEventPublisher' (OnClassCondition)

   SecurityFilterAutoConfiguration:
      Did not match:
         - @ConditionalOnClass did not find required class 'org.springframework.security.config.http.SessionCreationPolicy' (OnClassCondition)

   SendGridAutoConfiguration:
      Did not match:
         - @ConditionalOnClass did not find required class 'com.sendgrid.SendGrid' (OnClassCondition)

   ServletWebServerFactoryAutoConfiguration.ForwardedHeaderFilterConfiguration:
      Did not match:
         - @ConditionalOnProperty (server.forward-headers-strategy=framework) did not find property 'server.forward-headers-strategy' (OnPropertyCondition)

   ServletWebServerFactoryConfiguration.EmbeddedJetty:
      Did not match:
         - @ConditionalOnClass did not find required classes 'org.eclipse.jetty.server.Server', 'org.eclipse.jetty.util.Loader', 'org.eclipse.jetty.ee10.webapp.WebAppContext' (OnClassCondition)

   ServletWebServerFactoryConfiguration.EmbeddedUndertow:
      Did not match:
         - @ConditionalOnClass did not find required classes 'io.undertow.Undertow', 'org.xnio.SslClientAuthMode' (OnClassCondition)

   SessionAutoConfiguration:
      Did not match:
         - @ConditionalOnClass did not find required class 'org.springframework.session.Session' (OnClassCondition)

   SpringApplicationAdminJmxAutoConfiguration:
      Did not match:
         - @ConditionalOnProperty (spring.application.admin.enabled=true) did not find property 'enabled' (OnPropertyCondition)

   TaskExecutorConfigurations.SimpleAsyncTaskExecutorBuilderConfiguration#simpleAsyncTaskExecutorBuilderVirtualThreads:
      Did not match:
         - @ConditionalOnMissingBean (types: org.springframework.boot.task.SimpleAsyncTaskExecutorBuilder; SearchStrategy: all) found beans of type 'org.springframework.boot.task.SimpleAsyncTaskExecutorBuilder' simpleAsyncTaskExecutorBuilder (OnBeanCondition)

   TaskExecutorConfigurations.TaskExecutorConfiguration#applicationTaskExecutorVirtualThreads:
      Did not match:
         - @ConditionalOnThreading did not find VIRTUAL (OnThreadingCondition)

   TaskSchedulingAutoConfiguration#scheduledBeanLazyInitializationExcludeFilter:
      Did not match:
         - @ConditionalOnBean (names: org.springframework.context.annotation.internalScheduledAnnotationProcessor; SearchStrategy: all) did not find any beans named org.springframework.context.annotation.internalScheduledAnnotationProcessor (OnBeanCondition)

   TaskSchedulingConfigurations.SimpleAsyncTaskSchedulerBuilderConfiguration#simpleAsyncTaskSchedulerBuilderVirtualThreads:
      Did not match:
         - @ConditionalOnMissingBean (types: org.springframework.boot.task.SimpleAsyncTaskSchedulerBuilder; SearchStrategy: all) found beans of type 'org.springframework.boot.task.SimpleAsyncTaskSchedulerBuilder' simpleAsyncTaskSchedulerBuilder (OnBeanCondition)

   TaskSchedulingConfigurations.TaskSchedulerConfiguration:
      Did not match:
         - @ConditionalOnBean (names: org.springframework.context.annotation.internalScheduledAnnotationProcessor; SearchStrategy: all) did not find any beans named org.springframework.context.annotation.internalScheduledAnnotationProcessor (OnBeanCondition)

   ThymeleafAutoConfiguration:
      Did not match:
         - @ConditionalOnClass did not find required class 'org.thymeleaf.spring6.SpringTemplateEngine' (OnClassCondition)

   TransactionAutoConfiguration#transactionalOperator:
      Did not match:
         - @ConditionalOnSingleCandidate (types: org.springframework.transaction.ReactiveTransactionManager; SearchStrategy: all) did not find any beans (OnBeanCondition)

   TransactionAutoConfiguration.AspectJTransactionManagementConfiguration:
      Did not match:
         - @ConditionalOnBean (types: org.springframework.transaction.aspectj.AbstractTransactionAspect; SearchStrategy: all) did not find any beans of type org.springframework.transaction.aspectj.AbstractTransactionAspect (OnBeanCondition)

   TransactionAutoConfiguration.EnableTransactionManagementConfiguration.JdkDynamicAutoProxyConfiguration:
      Did not match:
         - @ConditionalOnProperty (spring.aop.proxy-target-class=false) did not find property 'proxy-target-class' (OnPropertyCondition)

   UserDetailsServiceAutoConfiguration:
      Did not match:
         - @ConditionalOnClass did not find required class 'org.springframework.security.authentication.AuthenticationManager' (OnClassCondition)

   ValidationAutoConfiguration:
      Did not match:
         - @ConditionalOnClass did not find required class 'jakarta.validation.executable.ExecutableValidator' (OnClassCondition)

   WebClientAutoConfiguration:
      Did not match:
         - @ConditionalOnClass did not find required class 'org.springframework.web.reactive.function.client.WebClient' (OnClassCondition)

   WebFluxAutoConfiguration:
      Did not match:
         - @ConditionalOnClass did not find required class 'org.springframework.web.reactive.config.WebFluxConfigurer' (OnClassCondition)

   WebMvcAutoConfiguration#hiddenHttpMethodFilter:
      Did not match:
         - @ConditionalOnProperty (spring.mvc.hiddenmethod.filter.enabled) did not find property 'enabled' (OnPropertyCondition)

   WebMvcAutoConfiguration.ProblemDetailsErrorHandlingConfiguration:
      Did not match:
         - @ConditionalOnProperty (spring.mvc.problemdetails.enabled=true) did not find property 'enabled' (OnPropertyCondition)

   WebMvcAutoConfiguration.ResourceChainCustomizerConfiguration:
      Did not match:
         - @ConditionalOnEnabledResourceChain did not find class org.webjars.WebJarAssetLocator (OnEnabledResourceChainCondition)

   WebMvcAutoConfiguration.WebMvcAutoConfigurationAdapter#beanNameViewResolver:
      Did not match:
         - @ConditionalOnMissingBean (types: org.springframework.web.servlet.view.BeanNameViewResolver; SearchStrategy: all) found beans of type 'org.springframework.web.servlet.view.BeanNameViewResolver' beanNameViewResolver (OnBeanCondition)

   WebServiceTemplateAutoConfiguration:
      Did not match:
         - @ConditionalOnClass did not find required class 'org.springframework.oxm.Marshaller' (OnClassCondition)

   WebServicesAutoConfiguration:
      Did not match:
         - @ConditionalOnClass did not find required class 'org.springframework.ws.transport.http.MessageDispatcherServlet' (OnClassCondition)

   WebSessionIdResolverAutoConfiguration:
      Did not match:
         - @ConditionalOnClass did not find required class 'reactor.core.publisher.Mono' (OnClassCondition)

   WebSocketMessagingAutoConfiguration:
      Did not match:
         - @ConditionalOnClass did not find required class 'org.springframework.web.socket.config.annotation.WebSocketMessageBrokerConfigurer' (OnClassCondition)

   WebSocketReactiveAutoConfiguration:
      Did not match:
         - @ConditionalOnWebApplication did not find reactive web application classes (OnWebApplicationCondition)

   WebSocketServletAutoConfiguration.JettyWebSocketConfiguration:
      Did not match:
         - @ConditionalOnClass did not find required class 'org.eclipse.jetty.ee10.websocket.jakarta.server.config.JakartaWebSocketServletContainerInitializer' (OnClassCondition)

   WebSocketServletAutoConfiguration.UndertowWebSocketConfiguration:
      Did not match:
         - @ConditionalOnClass did not find required class 'io.undertow.websockets.jsr.Bootstrap' (OnClassCondition)

   XADataSourceAutoConfiguration:
      Did not match:
         - @ConditionalOnBean (types: org.springframework.boot.jdbc.XADataSourceWrapper; SearchStrategy: all) did not find any beans of type org.springframework.boot.jdbc.XADataSourceWrapper (OnBeanCondition)
      Matched:
         - @ConditionalOnClass found required classes 'javax.sql.DataSource', 'jakarta.transaction.TransactionManager', 'org.springframework.jdbc.datasource.embedded.EmbeddedDatabaseType' (OnClassCondition)


Exclusions:
-----------

    None


Unconditional classes:
----------------------

    org.springframework.boot.autoconfigure.context.ConfigurationPropertiesAutoConfiguration

    org.springframework.boot.autoconfigure.ssl.SslAutoConfiguration

    org.springframework.boot.autoconfigure.context.LifecycleAutoConfiguration

    org.springframework.boot.autoconfigure.context.PropertyPlaceholderAutoConfiguration

    org.springframework.boot.autoconfigure.availability.ApplicationAvailabilityAutoConfiguration

    org.springframework.boot.autoconfigure.info.ProjectInfoAutoConfiguration



2024-07-27T15:58:57.928-06:00  INFO 6180 --- [           main] c.MimitosShop.API.ApiApplicationTests    : Started ApiApplicationTests in 8.017 seconds (process running for 8.944)
2024-07-27T15:58:57.930-06:00 DEBUG 6180 --- [           main] o.s.b.a.ApplicationAvailabilityBean      : Application availability state LivenessState changed to CORRECT
2024-07-27T15:58:57.933-06:00 DEBUG 6180 --- [           main] o.s.b.a.ApplicationAvailabilityBean      : Application availability state ReadinessState changed to ACCEPTING_TRAFFIC
2024-07-27T15:58:57.935-06:00 DEBUG 6180 --- [           main] org.springframework.test.context.cache   : Spring test ApplicationContext cache statistics: [DefaultContextCache@7c6557da size = 1, maxSize = 32, parentContextCount = 0, hitCount = 0, missCount = 1, failureCount = 0]
2024-07-27T15:58:57.936-06:00 DEBUG 6180 --- [           main] o.s.t.c.w.ServletTestExecutionListener   : Setting up MockHttpServletRequest, MockHttpServletResponse, ServletWebRequest, and RequestContextHolder for test class com.MimitosShop.API.ApiApplicationTests
2024-07-27T15:58:57.948-06:00 DEBUG 6180 --- [           main] DependencyInjectionTestExecutionListener : Performing dependency injection for test class com.MimitosShop.API.ApiApplicationTests
2024-07-27T15:58:57.949-06:00 DEBUG 6180 --- [           main] org.springframework.test.context.cache   : Spring test ApplicationContext cache statistics: [DefaultContextCache@7c6557da size = 1, maxSize = 32, parentContextCount = 0, hitCount = 1, missCount = 1, failureCount = 0]
2024-07-27T15:58:57.950-06:00 DEBUG 6180 --- [           main] org.springframework.test.context.cache   : Spring test ApplicationContext cache statistics: [DefaultContextCache@7c6557da size = 1, maxSize = 32, parentContextCount = 0, hitCount = 2, missCount = 1, failureCount = 0]
2024-07-27T15:58:57.959-06:00 DEBUG 6180 --- [           main] sContextBeforeModesTestExecutionListener : Before test method: class [ApiApplicationTests], method [contextLoads], class annotated with @DirtiesContext [false] with mode [null], method annotated with @DirtiesContext [false] with mode [null]
2024-07-27T15:58:57.961-06:00 DEBUG 6180 --- [           main] org.springframework.test.context.cache   : Spring test ApplicationContext cache statistics: [DefaultContextCache@7c6557da size = 1, maxSize = 32, parentContextCount = 0, hitCount = 3, missCount = 1, failureCount = 0]
2024-07-27T15:58:57.961-06:00 DEBUG 6180 --- [           main] org.springframework.test.context.cache   : Spring test ApplicationContext cache statistics: [DefaultContextCache@7c6557da size = 1, maxSize = 32, parentContextCount = 0, hitCount = 4, missCount = 1, failureCount = 0]
2024-07-27T15:58:58.453-06:00 DEBUG 6180 --- [           main] org.springframework.test.context.cache   : Spring test ApplicationContext cache statistics: [DefaultContextCache@7c6557da size = 1, maxSize = 32, parentContextCount = 0, hitCount = 5, missCount = 1, failureCount = 0]
2024-07-27T15:58:58.457-06:00 DEBUG 6180 --- [           main] org.springframework.test.context.cache   : Spring test ApplicationContext cache statistics: [DefaultContextCache@7c6557da size = 1, maxSize = 32, parentContextCount = 0, hitCount = 6, missCount = 1, failureCount = 0]
2024-07-27T15:58:58.458-06:00 DEBUG 6180 --- [           main] org.springframework.test.context.cache   : Spring test ApplicationContext cache statistics: [DefaultContextCache@7c6557da size = 1, maxSize = 32, parentContextCount = 0, hitCount = 7, missCount = 1, failureCount = 0]
2024-07-27T15:58:58.458-06:00 DEBUG 6180 --- [           main] org.springframework.test.context.cache   : Spring test ApplicationContext cache statistics: [DefaultContextCache@7c6557da size = 1, maxSize = 32, parentContextCount = 0, hitCount = 8, missCount = 1, failureCount = 0]
2024-07-27T15:58:58.459-06:00 DEBUG 6180 --- [           main] org.springframework.test.context.cache   : Spring test ApplicationContext cache statistics: [DefaultContextCache@7c6557da size = 1, maxSize = 32, parentContextCount = 0, hitCount = 9, missCount = 1, failureCount = 0]
2024-07-27T15:58:58.459-06:00 DEBUG 6180 --- [           main] org.springframework.test.context.cache   : Spring test ApplicationContext cache statistics: [DefaultContextCache@7c6557da size = 1, maxSize = 32, parentContextCount = 0, hitCount = 10, missCount = 1, failureCount = 0]
2024-07-27T15:58:58.461-06:00 DEBUG 6180 --- [           main] org.springframework.test.context.cache   : Spring test ApplicationContext cache statistics: [DefaultContextCache@7c6557da size = 1, maxSize = 32, parentContextCount = 0, hitCount = 11, missCount = 1, failureCount = 0]
2024-07-27T15:58:58.461-06:00 DEBUG 6180 --- [           main] .c.s.DirtiesContextTestExecutionListener : After test method: class [ApiApplicationTests], method [contextLoads], class annotated with @DirtiesContext [false] with mode [null], method annotated with @DirtiesContext [false] with mode [null]
2024-07-27T15:58:58.461-06:00 DEBUG 6180 --- [           main] o.s.t.c.w.ServletTestExecutionListener   : Resetting RequestContextHolder for test class com.MimitosShop.API.ApiApplicationTests
]]></system-out>
    <system-err><![CDATA[WARNING: A Java agent has been loaded dynamically (C:\Users\howit\.m2\repository\net\bytebuddy\byte-buddy-agent\1.14.12\byte-buddy-agent-1.14.12.jar)
WARNING: If a serviceability tool is in use, please run with -XX:+EnableDynamicAgentLoading to hide this warning
WARNING: If a serviceability tool is not in use, please run with -Djdk.instrument.traceUsage for more information
WARNING: Dynamic loading of agents will be disallowed by default in a future release
]]></system-err>
  </testcase>
</testsuite>